2025-04-02T14:19:20.872Z [ERROR]: uncaughtException: тип Unable to compile TypeScript:
[96msrc/controllers/customerController.ts[0m:[93m32[0m:[93m13[0m - [91merror[0m[90m TS6133: [0m'customer' is declared but its value is never read.

[7m32[0m       const customer = await prisma.customer.create({
[7m  [0m [91m            ~~~~~~~~[0m
[96msrc/controllers/customerController.ts[0m:[93m55[0m:[93m9[0m - [91merror[0m[90m TS18047: [0m'product' is possibly 'null'.

[7m55[0m     if (product.stock < quantity) {
[7m  [0m [91m        ~~~~~~~[0m
[96msrc/controllers/customerController.ts[0m:[93m56[0m:[93m61[0m - [91merror[0m[90m TS18047: [0m'product' is possibly 'null'.

[7m56[0m       res.status(400).json({ error: `Not enough stock for ${product.name}` });
[7m  [0m [91m                                                            ~~~~~~~[0m
[96msrc/controllers/customerController.ts[0m:[93m64[0m:[93m37[0m - [91merror[0m[90m TS18047: [0m'product' is possibly 'null'.

[7m64[0m     const productTotal = quantity * product.price;
[7m  [0m [91m                                    ~~~~~~~[0m
[96msrc/controllers/customerController.ts[0m:[93m72[0m:[93m21[0m - [91merror[0m[90m TS18047: [0m'customer' is possibly 'null'.

[7m72[0m         customerId: customer.id,
[7m  [0m [91m                    ~~~~~~~~[0m
[96msrc/controllers/customerController.ts[0m:[93m75[0m:[93m16[0m - [91merror[0m[90m TS18047: [0m'product' is possibly 'null'.

[7m75[0m         price: product.price,
[7m  [0m [91m               ~~~~~~~[0m
[96msrc/controllers/customerController.ts[0m:[93m84[0m:[93m22[0m - [91merror[0m[90m TS18047: [0m'product' is possibly 'null'.

[7m84[0m       data: { stock: product.stock - quantity },
[7m  [0m [91m                     ~~~~~~~[0m

TSError: тип Unable to compile TypeScript:
[96msrc/controllers/customerController.ts[0m:[93m32[0m:[93m13[0m - [91merror[0m[90m TS6133: [0m'customer' is declared but its value is never read.

[7m32[0m       const customer = await prisma.customer.create({
[7m  [0m [91m            ~~~~~~~~[0m
[96msrc/controllers/customerController.ts[0m:[93m55[0m:[93m9[0m - [91merror[0m[90m TS18047: [0m'product' is possibly 'null'.

[7m55[0m     if (product.stock < quantity) {
[7m  [0m [91m        ~~~~~~~[0m
[96msrc/controllers/customerController.ts[0m:[93m56[0m:[93m61[0m - [91merror[0m[90m TS18047: [0m'product' is possibly 'null'.

[7m56[0m       res.status(400).json({ error: `Not enough stock for ${product.name}` });
[7m  [0m [91m                                                            ~~~~~~~[0m
[96msrc/controllers/customerController.ts[0m:[93m64[0m:[93m37[0m - [91merror[0m[90m TS18047: [0m'product' is possibly 'null'.

[7m64[0m     const productTotal = quantity * product.price;
[7m  [0m [91m                                    ~~~~~~~[0m
[96msrc/controllers/customerController.ts[0m:[93m72[0m:[93m21[0m - [91merror[0m[90m TS18047: [0m'customer' is possibly 'null'.

[7m72[0m         customerId: customer.id,
[7m  [0m [91m                    ~~~~~~~~[0m
[96msrc/controllers/customerController.ts[0m:[93m75[0m:[93m16[0m - [91merror[0m[90m TS18047: [0m'product' is possibly 'null'.

[7m75[0m         price: product.price,
[7m  [0m [91m               ~~~~~~~[0m
[96msrc/controllers/customerController.ts[0m:[93m84[0m:[93m22[0m - [91merror[0m[90m TS18047: [0m'product' is possibly 'null'.

[7m84[0m       data: { stock: product.stock - quantity },
[7m  [0m [91m                     ~~~~~~~[0m

    at createTSError (/home/yash/Documents/billing-system/node_modules/ts-node/src/index.ts:859:12)
    at reportTSError (/home/yash/Documents/billing-system/node_modules/ts-node/src/index.ts:863:19)
    at getOutput (/home/yash/Documents/billing-system/node_modules/ts-node/src/index.ts:1077:36)
    at Object.compile (/home/yash/Documents/billing-system/node_modules/ts-node/src/index.ts:1433:41)
    at Module.m._compile (/home/yash/Documents/billing-system/node_modules/ts-node/src/index.ts:1617:30)
    at loadTS (node:internal/modules/cjs/loader:1826:10)
    at Object.require.extensions.<computed> [as .ts] (/home/yash/Documents/billing-system/node_modules/ts-node/src/index.ts:1621:12)
    at Module.load (node:internal/modules/cjs/loader:1469:32)
    at Function._load (node:internal/modules/cjs/loader:1286:12)
    at TracingChannel.traceSync (node:diagnostics_channel:322:14)
2025-04-02T14:51:52.726Z [ERROR]: uncaughtException: тип Unable to compile TypeScript:
[96msrc/controllers/customerController.ts[0m:[93m32[0m:[93m13[0m - [91merror[0m[90m TS6133: [0m'customer' is declared but its value is never read.

[7m32[0m       const customer = await prisma.customer.create({
[7m  [0m [91m            ~~~~~~~~[0m
[96msrc/controllers/customerController.ts[0m:[93m72[0m:[93m21[0m - [91merror[0m[90m TS18047: [0m'customer' is possibly 'null'.

[7m72[0m         customerId: customer.id,
[7m  [0m [91m                    ~~~~~~~~[0m

TSError: тип Unable to compile TypeScript:
[96msrc/controllers/customerController.ts[0m:[93m32[0m:[93m13[0m - [91merror[0m[90m TS6133: [0m'customer' is declared but its value is never read.

[7m32[0m       const customer = await prisma.customer.create({
[7m  [0m [91m            ~~~~~~~~[0m
[96msrc/controllers/customerController.ts[0m:[93m72[0m:[93m21[0m - [91merror[0m[90m TS18047: [0m'customer' is possibly 'null'.

[7m72[0m         customerId: customer.id,
[7m  [0m [91m                    ~~~~~~~~[0m

    at createTSError (/home/yash/Documents/billing-system/node_modules/ts-node/src/index.ts:859:12)
    at reportTSError (/home/yash/Documents/billing-system/node_modules/ts-node/src/index.ts:863:19)
    at getOutput (/home/yash/Documents/billing-system/node_modules/ts-node/src/index.ts:1077:36)
    at Object.compile (/home/yash/Documents/billing-system/node_modules/ts-node/src/index.ts:1433:41)
    at Module.m._compile (/home/yash/Documents/billing-system/node_modules/ts-node/src/index.ts:1617:30)
    at loadTS (node:internal/modules/cjs/loader:1826:10)
    at Object.require.extensions.<computed> [as .ts] (/home/yash/Documents/billing-system/node_modules/ts-node/src/index.ts:1621:12)
    at Module.load (node:internal/modules/cjs/loader:1469:32)
    at Function._load (node:internal/modules/cjs/loader:1286:12)
    at TracingChannel.traceSync (node:diagnostics_channel:322:14)
2025-04-02T15:30:51.067Z [ERROR]: uncaughtException: тип Unable to compile TypeScript:
[96msrc/controllers/customerController.ts[0m:[93m33[0m:[93m13[0m - [91merror[0m[90m TS6133: [0m'customer' is declared but its value is never read.

[7m33[0m       const customer = await prisma.customer.create({
[7m  [0m [91m            ~~~~~~~~[0m

TSError: тип Unable to compile TypeScript:
[96msrc/controllers/customerController.ts[0m:[93m33[0m:[93m13[0m - [91merror[0m[90m TS6133: [0m'customer' is declared but its value is never read.

[7m33[0m       const customer = await prisma.customer.create({
[7m  [0m [91m            ~~~~~~~~[0m

    at createTSError (/home/yash/Documents/billing-system/node_modules/ts-node/src/index.ts:859:12)
    at reportTSError (/home/yash/Documents/billing-system/node_modules/ts-node/src/index.ts:863:19)
    at getOutput (/home/yash/Documents/billing-system/node_modules/ts-node/src/index.ts:1077:36)
    at Object.compile (/home/yash/Documents/billing-system/node_modules/ts-node/src/index.ts:1433:41)
    at Module.m._compile (/home/yash/Documents/billing-system/node_modules/ts-node/src/index.ts:1617:30)
    at loadTS (node:internal/modules/cjs/loader:1826:10)
    at Object.require.extensions.<computed> [as .ts] (/home/yash/Documents/billing-system/node_modules/ts-node/src/index.ts:1621:12)
    at Module.load (node:internal/modules/cjs/loader:1469:32)
    at Function._load (node:internal/modules/cjs/loader:1286:12)
    at TracingChannel.traceSync (node:diagnostics_channel:322:14)
2025-04-03T11:11:14.558Z [ERROR]: uncaughtException: тип Unable to compile TypeScript:
[96msrc/routes/customers.ts[0m:[93m5[0m:[93m89[0m - [91merror[0m[90m TS6133: [0m'createCustomerInvoice' is declared but its value is never read.

[7m5[0m import { createCustomer, getCustomers, deleteCustomer, updateCustomer, getCustomerById, createCustomerInvoice } from "../controllers/customerController";
[7m [0m [91m                                                                                        ~~~~~~~~~~~~~~~~~~~~~[0m

TSError: тип Unable to compile TypeScript:
[96msrc/routes/customers.ts[0m:[93m5[0m:[93m89[0m - [91merror[0m[90m TS6133: [0m'createCustomerInvoice' is declared but its value is never read.

[7m5[0m import { createCustomer, getCustomers, deleteCustomer, updateCustomer, getCustomerById, createCustomerInvoice } from "../controllers/customerController";
[7m [0m [91m                                                                                        ~~~~~~~~~~~~~~~~~~~~~[0m

    at createTSError (/home/yash/Documents/billing-system/node_modules/ts-node/src/index.ts:859:12)
    at reportTSError (/home/yash/Documents/billing-system/node_modules/ts-node/src/index.ts:863:19)
    at getOutput (/home/yash/Documents/billing-system/node_modules/ts-node/src/index.ts:1077:36)
    at Object.compile (/home/yash/Documents/billing-system/node_modules/ts-node/src/index.ts:1433:41)
    at Module.m._compile (/home/yash/Documents/billing-system/node_modules/ts-node/src/index.ts:1617:30)
    at loadTS (node:internal/modules/cjs/loader:1826:10)
    at Object.require.extensions.<computed> [as .ts] (/home/yash/Documents/billing-system/node_modules/ts-node/src/index.ts:1621:12)
    at Module.load (node:internal/modules/cjs/loader:1469:32)
    at Function._load (node:internal/modules/cjs/loader:1286:12)
    at TracingChannel.traceSync (node:diagnostics_channel:322:14)
2025-04-03T11:11:26.155Z [ERROR]: uncaughtException: тип Unable to compile TypeScript:
[96msrc/routes/tenants.ts[0m:[93m37[0m:[93m131[0m - [91merror[0m[90m TS2304: [0mCannot find name 'createCustomerInvoice'.

[7m37[0m router.post("/:customerId/invoice", authenticateJWT, authorizeRoles([Role.ADMIN, Role.SUPERADMIN, Role.MANAGER]), validateTenant, createCustomerInvoice);
[7m  [0m [91m                                                                                                                                  ~~~~~~~~~~~~~~~~~~~~~[0m

TSError: тип Unable to compile TypeScript:
[96msrc/routes/tenants.ts[0m:[93m37[0m:[93m131[0m - [91merror[0m[90m TS2304: [0mCannot find name 'createCustomerInvoice'.

[7m37[0m router.post("/:customerId/invoice", authenticateJWT, authorizeRoles([Role.ADMIN, Role.SUPERADMIN, Role.MANAGER]), validateTenant, createCustomerInvoice);
[7m  [0m [91m                                                                                                                                  ~~~~~~~~~~~~~~~~~~~~~[0m

    at createTSError (/home/yash/Documents/billing-system/node_modules/ts-node/src/index.ts:859:12)
    at reportTSError (/home/yash/Documents/billing-system/node_modules/ts-node/src/index.ts:863:19)
    at getOutput (/home/yash/Documents/billing-system/node_modules/ts-node/src/index.ts:1077:36)
    at Object.compile (/home/yash/Documents/billing-system/node_modules/ts-node/src/index.ts:1433:41)
    at Module.m._compile (/home/yash/Documents/billing-system/node_modules/ts-node/src/index.ts:1617:30)
    at loadTS (node:internal/modules/cjs/loader:1826:10)
    at Object.require.extensions.<computed> [as .ts] (/home/yash/Documents/billing-system/node_modules/ts-node/src/index.ts:1621:12)
    at Module.load (node:internal/modules/cjs/loader:1469:32)
    at Function._load (node:internal/modules/cjs/loader:1286:12)
    at TracingChannel.traceSync (node:diagnostics_channel:322:14)
2025-04-03T11:11:34.183Z [ERROR]: uncaughtException: тип Unable to compile TypeScript:
[96msrc/routes/tenants.ts[0m:[93m37[0m:[93m119[0m - [91merror[0m[90m TS2304: [0mCannot find name 'createCustomerInvoice'.

[7m37[0m router.post("/invoice", authenticateJWT, authorizeRoles([Role.ADMIN, Role.SUPERADMIN, Role.MANAGER]), validateTenant, createCustomerInvoice);
[7m  [0m [91m                                                                                                                      ~~~~~~~~~~~~~~~~~~~~~[0m

TSError: тип Unable to compile TypeScript:
[96msrc/routes/tenants.ts[0m:[93m37[0m:[93m119[0m - [91merror[0m[90m TS2304: [0mCannot find name 'createCustomerInvoice'.

[7m37[0m router.post("/invoice", authenticateJWT, authorizeRoles([Role.ADMIN, Role.SUPERADMIN, Role.MANAGER]), validateTenant, createCustomerInvoice);
[7m  [0m [91m                                                                                                                      ~~~~~~~~~~~~~~~~~~~~~[0m

    at createTSError (/home/yash/Documents/billing-system/node_modules/ts-node/src/index.ts:859:12)
    at reportTSError (/home/yash/Documents/billing-system/node_modules/ts-node/src/index.ts:863:19)
    at getOutput (/home/yash/Documents/billing-system/node_modules/ts-node/src/index.ts:1077:36)
    at Object.compile (/home/yash/Documents/billing-system/node_modules/ts-node/src/index.ts:1433:41)
    at Module.m._compile (/home/yash/Documents/billing-system/node_modules/ts-node/src/index.ts:1617:30)
    at loadTS (node:internal/modules/cjs/loader:1826:10)
    at Object.require.extensions.<computed> [as .ts] (/home/yash/Documents/billing-system/node_modules/ts-node/src/index.ts:1621:12)
    at Module.load (node:internal/modules/cjs/loader:1469:32)
    at Function._load (node:internal/modules/cjs/loader:1286:12)
    at TracingChannel.traceSync (node:diagnostics_channel:322:14)
2025-04-03T11:11:46.082Z [ERROR]: uncaughtException: тип Unable to compile TypeScript:
[96msrc/routes/tenants.ts[0m:[93m37[0m:[93m129[0m - [91merror[0m[90m TS2304: [0mCannot find name 'createCustomerInvoice'.

[7m37[0m router.post("/:tenantId/invoice", authenticateJWT, authorizeRoles([Role.ADMIN, Role.SUPERADMIN, Role.MANAGER]), validateTenant, createCustomerInvoice);
[7m  [0m [91m                                                                                                                                ~~~~~~~~~~~~~~~~~~~~~[0m

TSError: тип Unable to compile TypeScript:
[96msrc/routes/tenants.ts[0m:[93m37[0m:[93m129[0m - [91merror[0m[90m TS2304: [0mCannot find name 'createCustomerInvoice'.

[7m37[0m router.post("/:tenantId/invoice", authenticateJWT, authorizeRoles([Role.ADMIN, Role.SUPERADMIN, Role.MANAGER]), validateTenant, createCustomerInvoice);
[7m  [0m [91m                                                                                                                                ~~~~~~~~~~~~~~~~~~~~~[0m

    at createTSError (/home/yash/Documents/billing-system/node_modules/ts-node/src/index.ts:859:12)
    at reportTSError (/home/yash/Documents/billing-system/node_modules/ts-node/src/index.ts:863:19)
    at getOutput (/home/yash/Documents/billing-system/node_modules/ts-node/src/index.ts:1077:36)
    at Object.compile (/home/yash/Documents/billing-system/node_modules/ts-node/src/index.ts:1433:41)
    at Module.m._compile (/home/yash/Documents/billing-system/node_modules/ts-node/src/index.ts:1617:30)
    at loadTS (node:internal/modules/cjs/loader:1826:10)
    at Object.require.extensions.<computed> [as .ts] (/home/yash/Documents/billing-system/node_modules/ts-node/src/index.ts:1621:12)
    at Module.load (node:internal/modules/cjs/loader:1469:32)
    at Function._load (node:internal/modules/cjs/loader:1286:12)
    at TracingChannel.traceSync (node:diagnostics_channel:322:14)
2025-04-03T11:12:20.074Z [ERROR]: uncaughtException: тип Unable to compile TypeScript:
[96msrc/routes/tenants.ts[0m:[93m6[0m:[93m82[0m - [91merror[0m[90m TS2305: [0mModule '"../controllers/tenantController"' has no exported member 'createCustomerInvoice'.

[7m6[0m import { createTenant, getAllTenants, getTenantById, updateTenant, deleteTenant, createCustomerInvoice } from "../controllers/tenantController";
[7m [0m [91m                                                                                 ~~~~~~~~~~~~~~~~~~~~~[0m

TSError: тип Unable to compile TypeScript:
[96msrc/routes/tenants.ts[0m:[93m6[0m:[93m82[0m - [91merror[0m[90m TS2305: [0mModule '"../controllers/tenantController"' has no exported member 'createCustomerInvoice'.

[7m6[0m import { createTenant, getAllTenants, getTenantById, updateTenant, deleteTenant, createCustomerInvoice } from "../controllers/tenantController";
[7m [0m [91m                                                                                 ~~~~~~~~~~~~~~~~~~~~~[0m

    at createTSError (/home/yash/Documents/billing-system/node_modules/ts-node/src/index.ts:859:12)
    at reportTSError (/home/yash/Documents/billing-system/node_modules/ts-node/src/index.ts:863:19)
    at getOutput (/home/yash/Documents/billing-system/node_modules/ts-node/src/index.ts:1077:36)
    at Object.compile (/home/yash/Documents/billing-system/node_modules/ts-node/src/index.ts:1433:41)
    at Module.m._compile (/home/yash/Documents/billing-system/node_modules/ts-node/src/index.ts:1617:30)
    at loadTS (node:internal/modules/cjs/loader:1826:10)
    at Object.require.extensions.<computed> [as .ts] (/home/yash/Documents/billing-system/node_modules/ts-node/src/index.ts:1621:12)
    at Module.load (node:internal/modules/cjs/loader:1469:32)
    at Function._load (node:internal/modules/cjs/loader:1286:12)
    at TracingChannel.traceSync (node:diagnostics_channel:322:14)
2025-04-03T11:12:29.193Z [ERROR]: uncaughtException: тип Unable to compile TypeScript:
[96msrc/routes/tenants.ts[0m:[93m6[0m:[93m82[0m - [91merror[0m[90m TS2305: [0mModule '"../controllers/tenantController"' has no exported member 'createInvoice'.

[7m6[0m import { createTenant, getAllTenants, getTenantById, updateTenant, deleteTenant, createInvoice } from "../controllers/tenantController";
[7m [0m [91m                                                                                 ~~~~~~~~~~~~~[0m
[96msrc/routes/tenants.ts[0m:[93m6[0m:[93m82[0m - [91merror[0m[90m TS6133: [0m'createInvoice' is declared but its value is never read.

[7m6[0m import { createTenant, getAllTenants, getTenantById, updateTenant, deleteTenant, createInvoice } from "../controllers/tenantController";
[7m [0m [91m                                                                                 ~~~~~~~~~~~~~[0m
[96msrc/routes/tenants.ts[0m:[93m37[0m:[93m129[0m - [91merror[0m[90m TS2304: [0mCannot find name 'createCustomerInvoice'.

[7m37[0m router.post("/:tenantId/invoice", authenticateJWT, authorizeRoles([Role.ADMIN, Role.SUPERADMIN, Role.MANAGER]), validateTenant, createCustomerInvoice);
[7m  [0m [91m                                                                                                                                ~~~~~~~~~~~~~~~~~~~~~[0m

TSError: тип Unable to compile TypeScript:
[96msrc/routes/tenants.ts[0m:[93m6[0m:[93m82[0m - [91merror[0m[90m TS2305: [0mModule '"../controllers/tenantController"' has no exported member 'createInvoice'.

[7m6[0m import { createTenant, getAllTenants, getTenantById, updateTenant, deleteTenant, createInvoice } from "../controllers/tenantController";
[7m [0m [91m                                                                                 ~~~~~~~~~~~~~[0m
[96msrc/routes/tenants.ts[0m:[93m6[0m:[93m82[0m - [91merror[0m[90m TS6133: [0m'createInvoice' is declared but its value is never read.

[7m6[0m import { createTenant, getAllTenants, getTenantById, updateTenant, deleteTenant, createInvoice } from "../controllers/tenantController";
[7m [0m [91m                                                                                 ~~~~~~~~~~~~~[0m
[96msrc/routes/tenants.ts[0m:[93m37[0m:[93m129[0m - [91merror[0m[90m TS2304: [0mCannot find name 'createCustomerInvoice'.

[7m37[0m router.post("/:tenantId/invoice", authenticateJWT, authorizeRoles([Role.ADMIN, Role.SUPERADMIN, Role.MANAGER]), validateTenant, createCustomerInvoice);
[7m  [0m [91m                                                                                                                                ~~~~~~~~~~~~~~~~~~~~~[0m

    at createTSError (/home/yash/Documents/billing-system/node_modules/ts-node/src/index.ts:859:12)
    at reportTSError (/home/yash/Documents/billing-system/node_modules/ts-node/src/index.ts:863:19)
    at getOutput (/home/yash/Documents/billing-system/node_modules/ts-node/src/index.ts:1077:36)
    at Object.compile (/home/yash/Documents/billing-system/node_modules/ts-node/src/index.ts:1433:41)
    at Module.m._compile (/home/yash/Documents/billing-system/node_modules/ts-node/src/index.ts:1617:30)
    at loadTS (node:internal/modules/cjs/loader:1826:10)
    at Object.require.extensions.<computed> [as .ts] (/home/yash/Documents/billing-system/node_modules/ts-node/src/index.ts:1621:12)
    at Module.load (node:internal/modules/cjs/loader:1469:32)
    at Function._load (node:internal/modules/cjs/loader:1286:12)
    at TracingChannel.traceSync (node:diagnostics_channel:322:14)
2025-04-03T11:12:38.980Z [ERROR]: uncaughtException: тип Unable to compile TypeScript:
[96msrc/routes/tenants.ts[0m:[93m6[0m:[93m82[0m - [91merror[0m[90m TS2305: [0mModule '"../controllers/tenantController"' has no exported member 'createInvoice'.

[7m6[0m import { createTenant, getAllTenants, getTenantById, updateTenant, deleteTenant, createInvoice } from "../controllers/tenantController";
[7m [0m [91m                                                                                 ~~~~~~~~~~~~~[0m

TSError: тип Unable to compile TypeScript:
[96msrc/routes/tenants.ts[0m:[93m6[0m:[93m82[0m - [91merror[0m[90m TS2305: [0mModule '"../controllers/tenantController"' has no exported member 'createInvoice'.

[7m6[0m import { createTenant, getAllTenants, getTenantById, updateTenant, deleteTenant, createInvoice } from "../controllers/tenantController";
[7m [0m [91m                                                                                 ~~~~~~~~~~~~~[0m

    at createTSError (/home/yash/Documents/billing-system/node_modules/ts-node/src/index.ts:859:12)
    at reportTSError (/home/yash/Documents/billing-system/node_modules/ts-node/src/index.ts:863:19)
    at getOutput (/home/yash/Documents/billing-system/node_modules/ts-node/src/index.ts:1077:36)
    at Object.compile (/home/yash/Documents/billing-system/node_modules/ts-node/src/index.ts:1433:41)
    at Module.m._compile (/home/yash/Documents/billing-system/node_modules/ts-node/src/index.ts:1617:30)
    at loadTS (node:internal/modules/cjs/loader:1826:10)
    at Object.require.extensions.<computed> [as .ts] (/home/yash/Documents/billing-system/node_modules/ts-node/src/index.ts:1621:12)
    at Module.load (node:internal/modules/cjs/loader:1469:32)
    at Function._load (node:internal/modules/cjs/loader:1286:12)
    at TracingChannel.traceSync (node:diagnostics_channel:322:14)
2025-04-03T11:12:53.811Z [ERROR]: uncaughtException: тип Unable to compile TypeScript:
[96msrc/routes/tenants.ts[0m:[93m6[0m:[93m82[0m - [91merror[0m[90m TS2305: [0mModule '"../controllers/tenantController"' has no exported member 'createInvoice'.

[7m6[0m import { createTenant, getAllTenants, getTenantById, updateTenant, deleteTenant, createInvoice } from "../controllers/tenantController";
[7m [0m [91m                                                                                 ~~~~~~~~~~~~~[0m

TSError: тип Unable to compile TypeScript:
[96msrc/routes/tenants.ts[0m:[93m6[0m:[93m82[0m - [91merror[0m[90m TS2305: [0mModule '"../controllers/tenantController"' has no exported member 'createInvoice'.

[7m6[0m import { createTenant, getAllTenants, getTenantById, updateTenant, deleteTenant, createInvoice } from "../controllers/tenantController";
[7m [0m [91m                                                                                 ~~~~~~~~~~~~~[0m

    at createTSError (/home/yash/Documents/billing-system/node_modules/ts-node/src/index.ts:859:12)
    at reportTSError (/home/yash/Documents/billing-system/node_modules/ts-node/src/index.ts:863:19)
    at getOutput (/home/yash/Documents/billing-system/node_modules/ts-node/src/index.ts:1077:36)
    at Object.compile (/home/yash/Documents/billing-system/node_modules/ts-node/src/index.ts:1433:41)
    at Module.m._compile (/home/yash/Documents/billing-system/node_modules/ts-node/src/index.ts:1617:30)
    at loadTS (node:internal/modules/cjs/loader:1826:10)
    at Object.require.extensions.<computed> [as .ts] (/home/yash/Documents/billing-system/node_modules/ts-node/src/index.ts:1621:12)
    at Module.load (node:internal/modules/cjs/loader:1469:32)
    at Function._load (node:internal/modules/cjs/loader:1286:12)
    at TracingChannel.traceSync (node:diagnostics_channel:322:14)
2025-04-03T11:13:08.626Z [ERROR]: uncaughtException: тип Unable to compile TypeScript:
[96msrc/routes/tenants.ts[0m:[93m6[0m:[93m82[0m - [91merror[0m[90m TS2305: [0mModule '"../controllers/tenantController"' has no exported member 'createInvoice'.

[7m6[0m import { createTenant, getAllTenants, getTenantById, updateTenant, deleteTenant, createInvoice } from "../controllers/tenantController";
[7m [0m [91m                                                                                 ~~~~~~~~~~~~~[0m

TSError: тип Unable to compile TypeScript:
[96msrc/routes/tenants.ts[0m:[93m6[0m:[93m82[0m - [91merror[0m[90m TS2305: [0mModule '"../controllers/tenantController"' has no exported member 'createInvoice'.

[7m6[0m import { createTenant, getAllTenants, getTenantById, updateTenant, deleteTenant, createInvoice } from "../controllers/tenantController";
[7m [0m [91m                                                                                 ~~~~~~~~~~~~~[0m

    at createTSError (/home/yash/Documents/billing-system/node_modules/ts-node/src/index.ts:859:12)
    at reportTSError (/home/yash/Documents/billing-system/node_modules/ts-node/src/index.ts:863:19)
    at getOutput (/home/yash/Documents/billing-system/node_modules/ts-node/src/index.ts:1077:36)
    at Object.compile (/home/yash/Documents/billing-system/node_modules/ts-node/src/index.ts:1433:41)
    at Module.m._compile (/home/yash/Documents/billing-system/node_modules/ts-node/src/index.ts:1617:30)
    at loadTS (node:internal/modules/cjs/loader:1826:10)
    at Object.require.extensions.<computed> [as .ts] (/home/yash/Documents/billing-system/node_modules/ts-node/src/index.ts:1621:12)
    at Module.load (node:internal/modules/cjs/loader:1469:32)
    at Function._load (node:internal/modules/cjs/loader:1286:12)
    at TracingChannel.traceSync (node:diagnostics_channel:322:14)
2025-04-03T11:13:17.922Z [ERROR]: uncaughtException: тип Unable to compile TypeScript:
[96msrc/routes/tenants.ts[0m:[93m6[0m:[93m82[0m - [91merror[0m[90m TS2305: [0mModule '"../controllers/tenantController"' has no exported member 'createInvoice'.

[7m6[0m import { createTenant, getAllTenants, getTenantById, updateTenant, deleteTenant, createInvoice } from "../controllers/tenantController";
[7m [0m [91m                                                                                 ~~~~~~~~~~~~~[0m

TSError: тип Unable to compile TypeScript:
[96msrc/routes/tenants.ts[0m:[93m6[0m:[93m82[0m - [91merror[0m[90m TS2305: [0mModule '"../controllers/tenantController"' has no exported member 'createInvoice'.

[7m6[0m import { createTenant, getAllTenants, getTenantById, updateTenant, deleteTenant, createInvoice } from "../controllers/tenantController";
[7m [0m [91m                                                                                 ~~~~~~~~~~~~~[0m

    at createTSError (/home/yash/Documents/billing-system/node_modules/ts-node/src/index.ts:859:12)
    at reportTSError (/home/yash/Documents/billing-system/node_modules/ts-node/src/index.ts:863:19)
    at getOutput (/home/yash/Documents/billing-system/node_modules/ts-node/src/index.ts:1077:36)
    at Object.compile (/home/yash/Documents/billing-system/node_modules/ts-node/src/index.ts:1433:41)
    at Module.m._compile (/home/yash/Documents/billing-system/node_modules/ts-node/src/index.ts:1617:30)
    at loadTS (node:internal/modules/cjs/loader:1826:10)
    at Object.require.extensions.<computed> [as .ts] (/home/yash/Documents/billing-system/node_modules/ts-node/src/index.ts:1621:12)
    at Module.load (node:internal/modules/cjs/loader:1469:32)
    at Function._load (node:internal/modules/cjs/loader:1286:12)
    at TracingChannel.traceSync (node:diagnostics_channel:322:14)
2025-04-04T03:37:03.687Z [ERROR]: uncaughtException: тип Unable to compile TypeScript:
[96msrc/controllers/customerController.ts[0m:[93m16[0m:[93m25[0m - [91merror[0m[90m TS6133: [0m'phone' is declared but its value is never read.

[7m16[0m    const { name, email, phone} = req.body;
[7m  [0m [91m                        ~~~~~[0m

TSError: тип Unable to compile TypeScript:
[96msrc/controllers/customerController.ts[0m:[93m16[0m:[93m25[0m - [91merror[0m[90m TS6133: [0m'phone' is declared but its value is never read.

[7m16[0m    const { name, email, phone} = req.body;
[7m  [0m [91m                        ~~~~~[0m

    at createTSError (/home/yash/Documents/billing-system/node_modules/ts-node/src/index.ts:859:12)
    at reportTSError (/home/yash/Documents/billing-system/node_modules/ts-node/src/index.ts:863:19)
    at getOutput (/home/yash/Documents/billing-system/node_modules/ts-node/src/index.ts:1077:36)
    at Object.compile (/home/yash/Documents/billing-system/node_modules/ts-node/src/index.ts:1433:41)
    at Module.m._compile (/home/yash/Documents/billing-system/node_modules/ts-node/src/index.ts:1617:30)
    at loadTS (node:internal/modules/cjs/loader:1826:10)
    at Object.require.extensions.<computed> [as .ts] (/home/yash/Documents/billing-system/node_modules/ts-node/src/index.ts:1621:12)
    at Module.load (node:internal/modules/cjs/loader:1469:32)
    at Function._load (node:internal/modules/cjs/loader:1286:12)
    at TracingChannel.traceSync (node:diagnostics_channel:322:14)
2025-04-04T05:51:14.113Z [ERROR]: uncaughtException: тип Unable to compile TypeScript:
[96msrc/controllers/customerController.ts[0m:[93m192[0m:[93m18[0m - [91merror[0m[90m TS2552: [0mCannot find name 'tenantId'. Did you mean 'tenant'?

[7m192[0m         where: { tenantId,
[7m   [0m [91m                 ~~~~~~~~[0m

  [96msrc/controllers/customerController.ts[0m:[93m180[0m:[93m13[0m
    [7m180[0m       const tenant = (req as any).tenant;
    [7m   [0m [96m            ~~~~~~[0m
    'tenant' is declared here.

TSError: тип Unable to compile TypeScript:
[96msrc/controllers/customerController.ts[0m:[93m192[0m:[93m18[0m - [91merror[0m[90m TS2552: [0mCannot find name 'tenantId'. Did you mean 'tenant'?

[7m192[0m         where: { tenantId,
[7m   [0m [91m                 ~~~~~~~~[0m

  [96msrc/controllers/customerController.ts[0m:[93m180[0m:[93m13[0m
    [7m180[0m       const tenant = (req as any).tenant;
    [7m   [0m [96m            ~~~~~~[0m
    'tenant' is declared here.

    at createTSError (/home/yash/Documents/billing-system/node_modules/ts-node/src/index.ts:859:12)
    at reportTSError (/home/yash/Documents/billing-system/node_modules/ts-node/src/index.ts:863:19)
    at getOutput (/home/yash/Documents/billing-system/node_modules/ts-node/src/index.ts:1077:36)
    at Object.compile (/home/yash/Documents/billing-system/node_modules/ts-node/src/index.ts:1433:41)
    at Module.m._compile (/home/yash/Documents/billing-system/node_modules/ts-node/src/index.ts:1617:30)
    at loadTS (node:internal/modules/cjs/loader:1826:10)
    at Object.require.extensions.<computed> [as .ts] (/home/yash/Documents/billing-system/node_modules/ts-node/src/index.ts:1621:12)
    at Module.load (node:internal/modules/cjs/loader:1469:32)
    at Function._load (node:internal/modules/cjs/loader:1286:12)
    at TracingChannel.traceSync (node:diagnostics_channel:322:14)
2025-04-04T05:51:40.683Z [ERROR]: uncaughtException: тип Unable to compile TypeScript:
[96msrc/controllers/customerController.ts[0m:[93m181[0m:[93m12[0m - [91merror[0m[90m TS2552: [0mCannot find name 'tenant'. Did you mean 'tenantId'?

[7m181[0m       if (!tenant) {
[7m   [0m [91m           ~~~~~~[0m

  [96msrc/controllers/customerController.ts[0m:[93m180[0m:[93m15[0m
    [7m180[0m       const { tenantId } = req.params;
    [7m   [0m [96m              ~~~~~~~~[0m
    'tenantId' is declared here.

TSError: тип Unable to compile TypeScript:
[96msrc/controllers/customerController.ts[0m:[93m181[0m:[93m12[0m - [91merror[0m[90m TS2552: [0mCannot find name 'tenant'. Did you mean 'tenantId'?

[7m181[0m       if (!tenant) {
[7m   [0m [91m           ~~~~~~[0m

  [96msrc/controllers/customerController.ts[0m:[93m180[0m:[93m15[0m
    [7m180[0m       const { tenantId } = req.params;
    [7m   [0m [96m              ~~~~~~~~[0m
    'tenantId' is declared here.

    at createTSError (/home/yash/Documents/billing-system/node_modules/ts-node/src/index.ts:859:12)
    at reportTSError (/home/yash/Documents/billing-system/node_modules/ts-node/src/index.ts:863:19)
    at getOutput (/home/yash/Documents/billing-system/node_modules/ts-node/src/index.ts:1077:36)
    at Object.compile (/home/yash/Documents/billing-system/node_modules/ts-node/src/index.ts:1433:41)
    at Module.m._compile (/home/yash/Documents/billing-system/node_modules/ts-node/src/index.ts:1617:30)
    at loadTS (node:internal/modules/cjs/loader:1826:10)
    at Object.require.extensions.<computed> [as .ts] (/home/yash/Documents/billing-system/node_modules/ts-node/src/index.ts:1621:12)
    at Module.load (node:internal/modules/cjs/loader:1469:32)
    at Function._load (node:internal/modules/cjs/loader:1286:12)
    at TracingChannel.traceSync (node:diagnostics_channel:322:14)
2025-04-04T05:58:48.839Z [ERROR]: uncaughtException: тип Unable to compile TypeScript:
[96msrc/controllers/customerController.ts[0m:[93m178[0m:[93m67[0m - [91merror[0m[90m TS6133: [0m'next' is declared but its value is never read.

[7m178[0m   export const emailHandler = async (req: Request, res: Response, next:NextFunction): Promise<any> => {
[7m   [0m [91m                                                                  ~~~~[0m
[96msrc/controllers/customerController.ts[0m:[93m191[0m:[93m13[0m - [91merror[0m[90m TS2322: [0mType 'string | ParsedQs | (string | ParsedQs)[]' is not assignable to type 'string | StringFilter<"Customer"> | undefined'.
  Type '(string | ParsedQs)[]' is not assignable to type 'string | StringFilter<"Customer"> | undefined'.

[7m191[0m             email: email,
[7m   [0m [91m            ~~~~~[0m
[96msrc/controllers/customerController.ts[0m:[93m207[0m:[93m4[0m - [91merror[0m[90m TS1472: [0m'catch' or 'finally' expected.

[7m207[0m   };
[7m   [0m [91m   ~[0m
[96msrc/controllers/customerController.ts[0m:[93m208[0m:[93m3[0m - [91merror[0m[90m TS1005: [0m'}' expected.

[7m208[0m 
[7m   [0m [91m[0m

  [96msrc/controllers/customerController.ts[0m:[93m178[0m:[93m103[0m
    [7m178[0m   export const emailHandler = async (req: Request, res: Response, next:NextFunction): Promise<any> => {
    [7m   [0m [96m                                                                                                      ~[0m
    The parser expected to find a '}' to match the '{' token here.

TSError: тип Unable to compile TypeScript:
[96msrc/controllers/customerController.ts[0m:[93m178[0m:[93m67[0m - [91merror[0m[90m TS6133: [0m'next' is declared but its value is never read.

[7m178[0m   export const emailHandler = async (req: Request, res: Response, next:NextFunction): Promise<any> => {
[7m   [0m [91m                                                                  ~~~~[0m
[96msrc/controllers/customerController.ts[0m:[93m191[0m:[93m13[0m - [91merror[0m[90m TS2322: [0mType 'string | ParsedQs | (string | ParsedQs)[]' is not assignable to type 'string | StringFilter<"Customer"> | undefined'.
  Type '(string | ParsedQs)[]' is not assignable to type 'string | StringFilter<"Customer"> | undefined'.

[7m191[0m             email: email,
[7m   [0m [91m            ~~~~~[0m
[96msrc/controllers/customerController.ts[0m:[93m207[0m:[93m4[0m - [91merror[0m[90m TS1472: [0m'catch' or 'finally' expected.

[7m207[0m   };
[7m   [0m [91m   ~[0m
[96msrc/controllers/customerController.ts[0m:[93m208[0m:[93m3[0m - [91merror[0m[90m TS1005: [0m'}' expected.

[7m208[0m 
[7m   [0m [91m[0m

  [96msrc/controllers/customerController.ts[0m:[93m178[0m:[93m103[0m
    [7m178[0m   export const emailHandler = async (req: Request, res: Response, next:NextFunction): Promise<any> => {
    [7m   [0m [96m                                                                                                      ~[0m
    The parser expected to find a '}' to match the '{' token here.

    at createTSError (/home/yash/Documents/billing-system/node_modules/ts-node/src/index.ts:859:12)
    at reportTSError (/home/yash/Documents/billing-system/node_modules/ts-node/src/index.ts:863:19)
    at getOutput (/home/yash/Documents/billing-system/node_modules/ts-node/src/index.ts:1077:36)
    at Object.compile (/home/yash/Documents/billing-system/node_modules/ts-node/src/index.ts:1433:41)
    at Module.m._compile (/home/yash/Documents/billing-system/node_modules/ts-node/src/index.ts:1617:30)
    at loadTS (node:internal/modules/cjs/loader:1826:10)
    at Object.require.extensions.<computed> [as .ts] (/home/yash/Documents/billing-system/node_modules/ts-node/src/index.ts:1621:12)
    at Module.load (node:internal/modules/cjs/loader:1469:32)
    at Function._load (node:internal/modules/cjs/loader:1286:12)
    at TracingChannel.traceSync (node:diagnostics_channel:322:14)
2025-04-04T06:00:53.859Z [ERROR]: uncaughtException: тип Unable to compile TypeScript:
[96msrc/controllers/customerController.ts[0m:[93m178[0m:[93m67[0m - [91merror[0m[90m TS6133: [0m'next' is declared but its value is never read.

[7m178[0m   export const emailHandler = async (req: Request, res: Response, next:NextFunction): Promise<any> => {
[7m   [0m [91m                                                                  ~~~~[0m
[96msrc/controllers/customerController.ts[0m:[93m191[0m:[93m26[0m - [91merror[0m[90m TS2339: [0mProperty 'trim' does not exist on type 'string | ParsedQs | (string | ParsedQs)[]'.
  Property 'trim' does not exist on type '(string | ParsedQs)[]'.

[7m191[0m             email: email.trim();
[7m   [0m [91m                         ~~~~[0m
[96msrc/controllers/customerController.ts[0m:[93m191[0m:[93m32[0m - [91merror[0m[90m TS1005: [0m',' expected.

[7m191[0m             email: email.trim();
[7m   [0m [91m                               ~[0m
[96msrc/controllers/customerController.ts[0m:[93m207[0m:[93m4[0m - [91merror[0m[90m TS1472: [0m'catch' or 'finally' expected.

[7m207[0m   };
[7m   [0m [91m   ~[0m
[96msrc/controllers/customerController.ts[0m:[93m208[0m:[93m3[0m - [91merror[0m[90m TS1005: [0m'}' expected.

[7m208[0m 
[7m   [0m [91m[0m

  [96msrc/controllers/customerController.ts[0m:[93m178[0m:[93m103[0m
    [7m178[0m   export const emailHandler = async (req: Request, res: Response, next:NextFunction): Promise<any> => {
    [7m   [0m [96m                                                                                                      ~[0m
    The parser expected to find a '}' to match the '{' token here.

TSError: тип Unable to compile TypeScript:
[96msrc/controllers/customerController.ts[0m:[93m178[0m:[93m67[0m - [91merror[0m[90m TS6133: [0m'next' is declared but its value is never read.

[7m178[0m   export const emailHandler = async (req: Request, res: Response, next:NextFunction): Promise<any> => {
[7m   [0m [91m                                                                  ~~~~[0m
[96msrc/controllers/customerController.ts[0m:[93m191[0m:[93m26[0m - [91merror[0m[90m TS2339: [0mProperty 'trim' does not exist on type 'string | ParsedQs | (string | ParsedQs)[]'.
  Property 'trim' does not exist on type '(string | ParsedQs)[]'.

[7m191[0m             email: email.trim();
[7m   [0m [91m                         ~~~~[0m
[96msrc/controllers/customerController.ts[0m:[93m191[0m:[93m32[0m - [91merror[0m[90m TS1005: [0m',' expected.

[7m191[0m             email: email.trim();
[7m   [0m [91m                               ~[0m
[96msrc/controllers/customerController.ts[0m:[93m207[0m:[93m4[0m - [91merror[0m[90m TS1472: [0m'catch' or 'finally' expected.

[7m207[0m   };
[7m   [0m [91m   ~[0m
[96msrc/controllers/customerController.ts[0m:[93m208[0m:[93m3[0m - [91merror[0m[90m TS1005: [0m'}' expected.

[7m208[0m 
[7m   [0m [91m[0m

  [96msrc/controllers/customerController.ts[0m:[93m178[0m:[93m103[0m
    [7m178[0m   export const emailHandler = async (req: Request, res: Response, next:NextFunction): Promise<any> => {
    [7m   [0m [96m                                                                                                      ~[0m
    The parser expected to find a '}' to match the '{' token here.

    at createTSError (/home/yash/Documents/billing-system/node_modules/ts-node/src/index.ts:859:12)
    at reportTSError (/home/yash/Documents/billing-system/node_modules/ts-node/src/index.ts:863:19)
    at getOutput (/home/yash/Documents/billing-system/node_modules/ts-node/src/index.ts:1077:36)
    at Object.compile (/home/yash/Documents/billing-system/node_modules/ts-node/src/index.ts:1433:41)
    at Module.m._compile (/home/yash/Documents/billing-system/node_modules/ts-node/src/index.ts:1617:30)
    at loadTS (node:internal/modules/cjs/loader:1826:10)
    at Object.require.extensions.<computed> [as .ts] (/home/yash/Documents/billing-system/node_modules/ts-node/src/index.ts:1621:12)
    at Module.load (node:internal/modules/cjs/loader:1469:32)
    at Function._load (node:internal/modules/cjs/loader:1286:12)
    at TracingChannel.traceSync (node:diagnostics_channel:322:14)
2025-04-04T06:01:07.426Z [ERROR]: uncaughtException: тип Unable to compile TypeScript:
[96msrc/controllers/customerController.ts[0m:[93m178[0m:[93m67[0m - [91merror[0m[90m TS6133: [0m'next' is declared but its value is never read.

[7m178[0m   export const emailHandler = async (req: Request, res: Response, next:NextFunction): Promise<any> => {
[7m   [0m [91m                                                                  ~~~~[0m
[96msrc/controllers/customerController.ts[0m:[93m207[0m:[93m4[0m - [91merror[0m[90m TS1472: [0m'catch' or 'finally' expected.

[7m207[0m   };
[7m   [0m [91m   ~[0m
[96msrc/controllers/customerController.ts[0m:[93m208[0m:[93m3[0m - [91merror[0m[90m TS1005: [0m'}' expected.

[7m208[0m 
[7m   [0m [91m[0m

  [96msrc/controllers/customerController.ts[0m:[93m178[0m:[93m103[0m
    [7m178[0m   export const emailHandler = async (req: Request, res: Response, next:NextFunction): Promise<any> => {
    [7m   [0m [96m                                                                                                      ~[0m
    The parser expected to find a '}' to match the '{' token here.

TSError: тип Unable to compile TypeScript:
[96msrc/controllers/customerController.ts[0m:[93m178[0m:[93m67[0m - [91merror[0m[90m TS6133: [0m'next' is declared but its value is never read.

[7m178[0m   export const emailHandler = async (req: Request, res: Response, next:NextFunction): Promise<any> => {
[7m   [0m [91m                                                                  ~~~~[0m
[96msrc/controllers/customerController.ts[0m:[93m207[0m:[93m4[0m - [91merror[0m[90m TS1472: [0m'catch' or 'finally' expected.

[7m207[0m   };
[7m   [0m [91m   ~[0m
[96msrc/controllers/customerController.ts[0m:[93m208[0m:[93m3[0m - [91merror[0m[90m TS1005: [0m'}' expected.

[7m208[0m 
[7m   [0m [91m[0m

  [96msrc/controllers/customerController.ts[0m:[93m178[0m:[93m103[0m
    [7m178[0m   export const emailHandler = async (req: Request, res: Response, next:NextFunction): Promise<any> => {
    [7m   [0m [96m                                                                                                      ~[0m
    The parser expected to find a '}' to match the '{' token here.

    at createTSError (/home/yash/Documents/billing-system/node_modules/ts-node/src/index.ts:859:12)
    at reportTSError (/home/yash/Documents/billing-system/node_modules/ts-node/src/index.ts:863:19)
    at getOutput (/home/yash/Documents/billing-system/node_modules/ts-node/src/index.ts:1077:36)
    at Object.compile (/home/yash/Documents/billing-system/node_modules/ts-node/src/index.ts:1433:41)
    at Module.m._compile (/home/yash/Documents/billing-system/node_modules/ts-node/src/index.ts:1617:30)
    at loadTS (node:internal/modules/cjs/loader:1826:10)
    at Object.require.extensions.<computed> [as .ts] (/home/yash/Documents/billing-system/node_modules/ts-node/src/index.ts:1621:12)
    at Module.load (node:internal/modules/cjs/loader:1469:32)
    at Function._load (node:internal/modules/cjs/loader:1286:12)
    at TracingChannel.traceSync (node:diagnostics_channel:322:14)
2025-04-04T06:01:48.345Z [ERROR]: uncaughtException: тип Unable to compile TypeScript:
[96msrc/controllers/customerController.ts[0m:[93m207[0m:[93m4[0m - [91merror[0m[90m TS1472: [0m'catch' or 'finally' expected.

[7m207[0m   };
[7m   [0m [91m   ~[0m
[96msrc/controllers/customerController.ts[0m:[93m208[0m:[93m3[0m - [91merror[0m[90m TS1005: [0m'}' expected.

[7m208[0m 
[7m   [0m [91m[0m

  [96msrc/controllers/customerController.ts[0m:[93m178[0m:[93m84[0m
    [7m178[0m   export const emailHandler = async (req: Request, res: Response): Promise<any> => {
    [7m   [0m [96m                                                                                   ~[0m
    The parser expected to find a '}' to match the '{' token here.

TSError: тип Unable to compile TypeScript:
[96msrc/controllers/customerController.ts[0m:[93m207[0m:[93m4[0m - [91merror[0m[90m TS1472: [0m'catch' or 'finally' expected.

[7m207[0m   };
[7m   [0m [91m   ~[0m
[96msrc/controllers/customerController.ts[0m:[93m208[0m:[93m3[0m - [91merror[0m[90m TS1005: [0m'}' expected.

[7m208[0m 
[7m   [0m [91m[0m

  [96msrc/controllers/customerController.ts[0m:[93m178[0m:[93m84[0m
    [7m178[0m   export const emailHandler = async (req: Request, res: Response): Promise<any> => {
    [7m   [0m [96m                                                                                   ~[0m
    The parser expected to find a '}' to match the '{' token here.

    at createTSError (/home/yash/Documents/billing-system/node_modules/ts-node/src/index.ts:859:12)
    at reportTSError (/home/yash/Documents/billing-system/node_modules/ts-node/src/index.ts:863:19)
    at getOutput (/home/yash/Documents/billing-system/node_modules/ts-node/src/index.ts:1077:36)
    at Object.compile (/home/yash/Documents/billing-system/node_modules/ts-node/src/index.ts:1433:41)
    at Module.m._compile (/home/yash/Documents/billing-system/node_modules/ts-node/src/index.ts:1617:30)
    at loadTS (node:internal/modules/cjs/loader:1826:10)
    at Object.require.extensions.<computed> [as .ts] (/home/yash/Documents/billing-system/node_modules/ts-node/src/index.ts:1621:12)
    at Module.load (node:internal/modules/cjs/loader:1469:32)
    at Function._load (node:internal/modules/cjs/loader:1286:12)
    at TracingChannel.traceSync (node:diagnostics_channel:322:14)
2025-04-04T06:05:48.856Z [ERROR]: uncaughtException: тип Unable to compile TypeScript:
[96msrc/controllers/customerController.ts[0m:[93m208[0m:[93m4[0m - [91merror[0m[90m TS1472: [0m'catch' or 'finally' expected.

[7m208[0m   };
[7m   [0m [91m   ~[0m
[96msrc/controllers/customerController.ts[0m:[93m209[0m:[93m3[0m - [91merror[0m[90m TS1005: [0m'}' expected.

[7m209[0m 
[7m   [0m [91m[0m

  [96msrc/controllers/customerController.ts[0m:[93m178[0m:[93m84[0m
    [7m178[0m   export const emailHandler = async (req: Request, res: Response): Promise<any> => {
    [7m   [0m [96m                                                                                   ~[0m
    The parser expected to find a '}' to match the '{' token here.

TSError: тип Unable to compile TypeScript:
[96msrc/controllers/customerController.ts[0m:[93m208[0m:[93m4[0m - [91merror[0m[90m TS1472: [0m'catch' or 'finally' expected.

[7m208[0m   };
[7m   [0m [91m   ~[0m
[96msrc/controllers/customerController.ts[0m:[93m209[0m:[93m3[0m - [91merror[0m[90m TS1005: [0m'}' expected.

[7m209[0m 
[7m   [0m [91m[0m

  [96msrc/controllers/customerController.ts[0m:[93m178[0m:[93m84[0m
    [7m178[0m   export const emailHandler = async (req: Request, res: Response): Promise<any> => {
    [7m   [0m [96m                                                                                   ~[0m
    The parser expected to find a '}' to match the '{' token here.

    at createTSError (/home/yash/Documents/billing-system/node_modules/ts-node/src/index.ts:859:12)
    at reportTSError (/home/yash/Documents/billing-system/node_modules/ts-node/src/index.ts:863:19)
    at getOutput (/home/yash/Documents/billing-system/node_modules/ts-node/src/index.ts:1077:36)
    at Object.compile (/home/yash/Documents/billing-system/node_modules/ts-node/src/index.ts:1433:41)
    at Module.m._compile (/home/yash/Documents/billing-system/node_modules/ts-node/src/index.ts:1617:30)
    at loadTS (node:internal/modules/cjs/loader:1826:10)
    at Object.require.extensions.<computed> [as .ts] (/home/yash/Documents/billing-system/node_modules/ts-node/src/index.ts:1621:12)
    at Module.load (node:internal/modules/cjs/loader:1469:32)
    at Function._load (node:internal/modules/cjs/loader:1286:12)
    at TracingChannel.traceSync (node:diagnostics_channel:322:14)
2025-04-04T06:06:21.152Z [ERROR]: uncaughtException: тип Unable to compile TypeScript:
[96msrc/controllers/customerController.ts[0m:[93m208[0m:[93m4[0m - [91merror[0m[90m TS1472: [0m'catch' or 'finally' expected.

[7m208[0m   };
[7m   [0m [91m   ~[0m
[96msrc/controllers/customerController.ts[0m:[93m209[0m:[93m3[0m - [91merror[0m[90m TS1005: [0m'}' expected.

[7m209[0m 
[7m   [0m [91m[0m

  [96msrc/controllers/customerController.ts[0m:[93m178[0m:[93m84[0m
    [7m178[0m   export const emailHandler = async (req: Request, res: Response): Promise<any> => {
    [7m   [0m [96m                                                                                   ~[0m
    The parser expected to find a '}' to match the '{' token here.

TSError: тип Unable to compile TypeScript:
[96msrc/controllers/customerController.ts[0m:[93m208[0m:[93m4[0m - [91merror[0m[90m TS1472: [0m'catch' or 'finally' expected.

[7m208[0m   };
[7m   [0m [91m   ~[0m
[96msrc/controllers/customerController.ts[0m:[93m209[0m:[93m3[0m - [91merror[0m[90m TS1005: [0m'}' expected.

[7m209[0m 
[7m   [0m [91m[0m

  [96msrc/controllers/customerController.ts[0m:[93m178[0m:[93m84[0m
    [7m178[0m   export const emailHandler = async (req: Request, res: Response): Promise<any> => {
    [7m   [0m [96m                                                                                   ~[0m
    The parser expected to find a '}' to match the '{' token here.

    at createTSError (/home/yash/Documents/billing-system/node_modules/ts-node/src/index.ts:859:12)
    at reportTSError (/home/yash/Documents/billing-system/node_modules/ts-node/src/index.ts:863:19)
    at getOutput (/home/yash/Documents/billing-system/node_modules/ts-node/src/index.ts:1077:36)
    at Object.compile (/home/yash/Documents/billing-system/node_modules/ts-node/src/index.ts:1433:41)
    at Module.m._compile (/home/yash/Documents/billing-system/node_modules/ts-node/src/index.ts:1617:30)
    at loadTS (node:internal/modules/cjs/loader:1826:10)
    at Object.require.extensions.<computed> [as .ts] (/home/yash/Documents/billing-system/node_modules/ts-node/src/index.ts:1621:12)
    at Module.load (node:internal/modules/cjs/loader:1469:32)
    at Function._load (node:internal/modules/cjs/loader:1286:12)
    at TracingChannel.traceSync (node:diagnostics_channel:322:14)
2025-04-04T06:06:41.540Z [ERROR]: uncaughtException: тип Unable to compile TypeScript:
[96msrc/controllers/customerController.ts[0m:[93m208[0m:[93m4[0m - [91merror[0m[90m TS1472: [0m'catch' or 'finally' expected.

[7m208[0m   }
[7m   [0m [91m   [0m

TSError: тип Unable to compile TypeScript:
[96msrc/controllers/customerController.ts[0m:[93m208[0m:[93m4[0m - [91merror[0m[90m TS1472: [0m'catch' or 'finally' expected.

[7m208[0m   }
[7m   [0m [91m   [0m

    at createTSError (/home/yash/Documents/billing-system/node_modules/ts-node/src/index.ts:859:12)
    at reportTSError (/home/yash/Documents/billing-system/node_modules/ts-node/src/index.ts:863:19)
    at getOutput (/home/yash/Documents/billing-system/node_modules/ts-node/src/index.ts:1077:36)
    at Object.compile (/home/yash/Documents/billing-system/node_modules/ts-node/src/index.ts:1433:41)
    at Module.m._compile (/home/yash/Documents/billing-system/node_modules/ts-node/src/index.ts:1617:30)
    at loadTS (node:internal/modules/cjs/loader:1826:10)
    at Object.require.extensions.<computed> [as .ts] (/home/yash/Documents/billing-system/node_modules/ts-node/src/index.ts:1621:12)
    at Module.load (node:internal/modules/cjs/loader:1469:32)
    at Function._load (node:internal/modules/cjs/loader:1286:12)
    at TracingChannel.traceSync (node:diagnostics_channel:322:14)
2025-04-04T06:07:09.582Z [ERROR]: uncaughtException: тип Unable to compile TypeScript:
[96msrc/controllers/customerController.ts[0m:[93m208[0m:[93m4[0m - [91merror[0m[90m TS1472: [0m'catch' or 'finally' expected.

[7m208[0m   }}
[7m   [0m [91m   ~[0m

TSError: тип Unable to compile TypeScript:
[96msrc/controllers/customerController.ts[0m:[93m208[0m:[93m4[0m - [91merror[0m[90m TS1472: [0m'catch' or 'finally' expected.

[7m208[0m   }}
[7m   [0m [91m   ~[0m

    at createTSError (/home/yash/Documents/billing-system/node_modules/ts-node/src/index.ts:859:12)
    at reportTSError (/home/yash/Documents/billing-system/node_modules/ts-node/src/index.ts:863:19)
    at getOutput (/home/yash/Documents/billing-system/node_modules/ts-node/src/index.ts:1077:36)
    at Object.compile (/home/yash/Documents/billing-system/node_modules/ts-node/src/index.ts:1433:41)
    at Module.m._compile (/home/yash/Documents/billing-system/node_modules/ts-node/src/index.ts:1617:30)
    at loadTS (node:internal/modules/cjs/loader:1826:10)
    at Object.require.extensions.<computed> [as .ts] (/home/yash/Documents/billing-system/node_modules/ts-node/src/index.ts:1621:12)
    at Module.load (node:internal/modules/cjs/loader:1469:32)
    at Function._load (node:internal/modules/cjs/loader:1286:12)
    at TracingChannel.traceSync (node:diagnostics_channel:322:14)
2025-04-04T06:10:30.298Z [ERROR]: uncaughtException: тип Unable to compile TypeScript:
[96msrc/controllers/customerController.ts[0m:[93m192[0m:[93m11[0m - [91merror[0m[90m TS2353: [0mObject literal may only specify known properties, and 'mode' does not exist in type 'CustomerWhereInput'.

[7m192[0m           mode: 'insensitive',
[7m   [0m [91m          ~~~~[0m

TSError: тип Unable to compile TypeScript:
[96msrc/controllers/customerController.ts[0m:[93m192[0m:[93m11[0m - [91merror[0m[90m TS2353: [0mObject literal may only specify known properties, and 'mode' does not exist in type 'CustomerWhereInput'.

[7m192[0m           mode: 'insensitive',
[7m   [0m [91m          ~~~~[0m

    at createTSError (/home/yash/Documents/billing-system/node_modules/ts-node/src/index.ts:859:12)
    at reportTSError (/home/yash/Documents/billing-system/node_modules/ts-node/src/index.ts:863:19)
    at getOutput (/home/yash/Documents/billing-system/node_modules/ts-node/src/index.ts:1077:36)
    at Object.compile (/home/yash/Documents/billing-system/node_modules/ts-node/src/index.ts:1433:41)
    at Module.m._compile (/home/yash/Documents/billing-system/node_modules/ts-node/src/index.ts:1617:30)
    at loadTS (node:internal/modules/cjs/loader:1826:10)
    at Object.require.extensions.<computed> [as .ts] (/home/yash/Documents/billing-system/node_modules/ts-node/src/index.ts:1621:12)
    at Module.load (node:internal/modules/cjs/loader:1469:32)
    at Function._load (node:internal/modules/cjs/loader:1286:12)
    at TracingChannel.traceSync (node:diagnostics_channel:322:14)
2025-04-04T06:10:50.909Z [ERROR]: uncaughtException: тип Unable to compile TypeScript:
[96msrc/controllers/customerController.ts[0m:[93m193[0m:[93m11[0m - [91merror[0m[90m TS2353: [0mObject literal may only specify known properties, and 'mode' does not exist in type 'CustomerWhereInput'.

[7m193[0m           mode: 'insensitive',
[7m   [0m [91m          ~~~~[0m

TSError: тип Unable to compile TypeScript:
[96msrc/controllers/customerController.ts[0m:[93m193[0m:[93m11[0m - [91merror[0m[90m TS2353: [0mObject literal may only specify known properties, and 'mode' does not exist in type 'CustomerWhereInput'.

[7m193[0m           mode: 'insensitive',
[7m   [0m [91m          ~~~~[0m

    at createTSError (/home/yash/Documents/billing-system/node_modules/ts-node/src/index.ts:859:12)
    at reportTSError (/home/yash/Documents/billing-system/node_modules/ts-node/src/index.ts:863:19)
    at getOutput (/home/yash/Documents/billing-system/node_modules/ts-node/src/index.ts:1077:36)
    at Object.compile (/home/yash/Documents/billing-system/node_modules/ts-node/src/index.ts:1433:41)
    at Module.m._compile (/home/yash/Documents/billing-system/node_modules/ts-node/src/index.ts:1617:30)
    at loadTS (node:internal/modules/cjs/loader:1826:10)
    at Object.require.extensions.<computed> [as .ts] (/home/yash/Documents/billing-system/node_modules/ts-node/src/index.ts:1621:12)
    at Module.load (node:internal/modules/cjs/loader:1469:32)
    at Function._load (node:internal/modules/cjs/loader:1286:12)
    at TracingChannel.traceSync (node:diagnostics_channel:322:14)
2025-04-04T06:11:23.515Z [ERROR]: uncaughtException: тип Unable to compile TypeScript:
[96msrc/controllers/customerController.ts[0m:[93m189[0m:[93m30[0m - [91merror[0m[90m TS2448: [0mBlock-scoped variable 'prisma' used before its declaration.

[7m189[0m       const customer = await prisma.customer.findFirst({
[7m   [0m [91m                             ~~~~~~[0m

  [96msrc/controllers/customerController.ts[0m:[93m199[0m:[93m13[0m
    [7m199[0m       const prisma = new PrismaClient({
    [7m   [0m [96m            ~~~~~~[0m
    'prisma' is declared here.
[96msrc/controllers/customerController.ts[0m:[93m189[0m:[93m30[0m - [91merror[0m[90m TS2454: [0mVariable 'prisma' is used before being assigned.

[7m189[0m       const customer = await prisma.customer.findFirst({
[7m   [0m [91m                             ~~~~~~[0m

TSError: тип Unable to compile TypeScript:
[96msrc/controllers/customerController.ts[0m:[93m189[0m:[93m30[0m - [91merror[0m[90m TS2448: [0mBlock-scoped variable 'prisma' used before its declaration.

[7m189[0m       const customer = await prisma.customer.findFirst({
[7m   [0m [91m                             ~~~~~~[0m

  [96msrc/controllers/customerController.ts[0m:[93m199[0m:[93m13[0m
    [7m199[0m       const prisma = new PrismaClient({
    [7m   [0m [96m            ~~~~~~[0m
    'prisma' is declared here.
[96msrc/controllers/customerController.ts[0m:[93m189[0m:[93m30[0m - [91merror[0m[90m TS2454: [0mVariable 'prisma' is used before being assigned.

[7m189[0m       const customer = await prisma.customer.findFirst({
[7m   [0m [91m                             ~~~~~~[0m

    at createTSError (/home/yash/Documents/billing-system/node_modules/ts-node/src/index.ts:859:12)
    at reportTSError (/home/yash/Documents/billing-system/node_modules/ts-node/src/index.ts:863:19)
    at getOutput (/home/yash/Documents/billing-system/node_modules/ts-node/src/index.ts:1077:36)
    at Object.compile (/home/yash/Documents/billing-system/node_modules/ts-node/src/index.ts:1433:41)
    at Module.m._compile (/home/yash/Documents/billing-system/node_modules/ts-node/src/index.ts:1617:30)
    at loadTS (node:internal/modules/cjs/loader:1826:10)
    at Object.require.extensions.<computed> [as .ts] (/home/yash/Documents/billing-system/node_modules/ts-node/src/index.ts:1621:12)
    at Module.load (node:internal/modules/cjs/loader:1469:32)
    at Function._load (node:internal/modules/cjs/loader:1286:12)
    at TracingChannel.traceSync (node:diagnostics_channel:322:14)
2025-04-04T07:06:39.089Z [ERROR]: uncaughtException: тип Unable to compile TypeScript:
[96msrc/controllers/customerController.ts[0m:[93m185[0m:[93m31[0m - [91merror[0m[90m TS2304: [0mCannot find name 'tenantId'.

[7m185[0m     console.log("Tenant ID:", tenantId);
[7m   [0m [91m                              ~~~~~~~~[0m

TSError: тип Unable to compile TypeScript:
[96msrc/controllers/customerController.ts[0m:[93m185[0m:[93m31[0m - [91merror[0m[90m TS2304: [0mCannot find name 'tenantId'.

[7m185[0m     console.log("Tenant ID:", tenantId);
[7m   [0m [91m                              ~~~~~~~~[0m

    at createTSError (/home/yash/Documents/billing-system/node_modules/ts-node/src/index.ts:859:12)
    at reportTSError (/home/yash/Documents/billing-system/node_modules/ts-node/src/index.ts:863:19)
    at getOutput (/home/yash/Documents/billing-system/node_modules/ts-node/src/index.ts:1077:36)
    at Object.compile (/home/yash/Documents/billing-system/node_modules/ts-node/src/index.ts:1433:41)
    at Module.m._compile (/home/yash/Documents/billing-system/node_modules/ts-node/src/index.ts:1617:30)
    at loadTS (node:internal/modules/cjs/loader:1826:10)
    at Object.require.extensions.<computed> [as .ts] (/home/yash/Documents/billing-system/node_modules/ts-node/src/index.ts:1621:12)
    at Module.load (node:internal/modules/cjs/loader:1469:32)
    at Function._load (node:internal/modules/cjs/loader:1286:12)
    at TracingChannel.traceSync (node:diagnostics_channel:322:14)
2025-04-04T07:08:21.770Z [ERROR]: uncaughtException: тип Unable to compile TypeScript:
[96msrc/controllers/customerController.ts[0m:[93m193[0m:[93m25[0m - [91merror[0m[90m TS18048: [0m'email' is possibly 'undefined'.

[7m193[0m                 equals: email.toString().trim(),
[7m   [0m [91m                        ~~~~~[0m

TSError: тип Unable to compile TypeScript:
[96msrc/controllers/customerController.ts[0m:[93m193[0m:[93m25[0m - [91merror[0m[90m TS18048: [0m'email' is possibly 'undefined'.

[7m193[0m                 equals: email.toString().trim(),
[7m   [0m [91m                        ~~~~~[0m

    at createTSError (/home/yash/Documents/billing-system/node_modules/ts-node/src/index.ts:859:12)
    at reportTSError (/home/yash/Documents/billing-system/node_modules/ts-node/src/index.ts:863:19)
    at getOutput (/home/yash/Documents/billing-system/node_modules/ts-node/src/index.ts:1077:36)
    at Object.compile (/home/yash/Documents/billing-system/node_modules/ts-node/src/index.ts:1433:41)
    at Module.m._compile (/home/yash/Documents/billing-system/node_modules/ts-node/src/index.ts:1617:30)
    at loadTS (node:internal/modules/cjs/loader:1826:10)
    at Object.require.extensions.<computed> [as .ts] (/home/yash/Documents/billing-system/node_modules/ts-node/src/index.ts:1621:12)
    at Module.load (node:internal/modules/cjs/loader:1469:32)
    at Function._load (node:internal/modules/cjs/loader:1286:12)
    at TracingChannel.traceSync (node:diagnostics_channel:322:14)
2025-04-04T07:10:24.995Z [ERROR]: uncaughtException: тип Unable to compile TypeScript:
[96msrc/controllers/customerController.ts[0m:[93m6[0m:[93m7[0m - [91merror[0m[90m TS2451: [0mCannot redeclare block-scoped variable 'prisma'.

[7m6[0m const prisma = new PrismaClient();
[7m [0m [91m      ~~~~~~[0m
[96msrc/controllers/customerController.ts[0m:[93m178[0m:[93m9[0m - [91merror[0m[90m TS2451: [0mCannot redeclare block-scoped variable 'prisma'.

[7m178[0m   const prisma = new PrismaClient({ log: ["query", "info", "warn", "error"] });
[7m   [0m [91m        ~~~~~~[0m
[96msrc/controllers/customerController.ts[0m:[93m186[0m:[93m9[0m - [91merror[0m[90m TS2322: [0mType 'Response<any, Record<string, any>>' is not assignable to type 'void'.

[7m186[0m         return res.status(400).json({ message: "A valid email query parameter is required." });
[7m   [0m [91m        ~~~~~~[0m
[96msrc/controllers/customerController.ts[0m:[93m210[0m:[93m13[0m - [91merror[0m[90m TS2322: [0mType 'Response<any, Record<string, any>>' is not assignable to type 'void'.

[7m210[0m             return res.status(404).json({ error: "Customer not found." });
[7m   [0m [91m            ~~~~~~[0m
[96msrc/controllers/customerController.ts[0m:[93m213[0m:[93m9[0m - [91merror[0m[90m TS2322: [0mType 'Response<any, Record<string, any>>' is not assignable to type 'void'.

[7m213[0m         return res.status(200).json(customer);
[7m   [0m [91m        ~~~~~~[0m
[96msrc/controllers/customerController.ts[0m:[93m216[0m:[93m9[0m - [91merror[0m[90m TS2322: [0mType 'Response<any, Record<string, any>>' is not assignable to type 'void'.

[7m216[0m         return res.status(500).json({ error: "Internal Server Error." });
[7m   [0m [91m        ~~~~~~[0m

TSError: тип Unable to compile TypeScript:
[96msrc/controllers/customerController.ts[0m:[93m6[0m:[93m7[0m - [91merror[0m[90m TS2451: [0mCannot redeclare block-scoped variable 'prisma'.

[7m6[0m const prisma = new PrismaClient();
[7m [0m [91m      ~~~~~~[0m
[96msrc/controllers/customerController.ts[0m:[93m178[0m:[93m9[0m - [91merror[0m[90m TS2451: [0mCannot redeclare block-scoped variable 'prisma'.

[7m178[0m   const prisma = new PrismaClient({ log: ["query", "info", "warn", "error"] });
[7m   [0m [91m        ~~~~~~[0m
[96msrc/controllers/customerController.ts[0m:[93m186[0m:[93m9[0m - [91merror[0m[90m TS2322: [0mType 'Response<any, Record<string, any>>' is not assignable to type 'void'.

[7m186[0m         return res.status(400).json({ message: "A valid email query parameter is required." });
[7m   [0m [91m        ~~~~~~[0m
[96msrc/controllers/customerController.ts[0m:[93m210[0m:[93m13[0m - [91merror[0m[90m TS2322: [0mType 'Response<any, Record<string, any>>' is not assignable to type 'void'.

[7m210[0m             return res.status(404).json({ error: "Customer not found." });
[7m   [0m [91m            ~~~~~~[0m
[96msrc/controllers/customerController.ts[0m:[93m213[0m:[93m9[0m - [91merror[0m[90m TS2322: [0mType 'Response<any, Record<string, any>>' is not assignable to type 'void'.

[7m213[0m         return res.status(200).json(customer);
[7m   [0m [91m        ~~~~~~[0m
[96msrc/controllers/customerController.ts[0m:[93m216[0m:[93m9[0m - [91merror[0m[90m TS2322: [0mType 'Response<any, Record<string, any>>' is not assignable to type 'void'.

[7m216[0m         return res.status(500).json({ error: "Internal Server Error." });
[7m   [0m [91m        ~~~~~~[0m

    at createTSError (/home/yash/Documents/billing-system/node_modules/ts-node/src/index.ts:859:12)
    at reportTSError (/home/yash/Documents/billing-system/node_modules/ts-node/src/index.ts:863:19)
    at getOutput (/home/yash/Documents/billing-system/node_modules/ts-node/src/index.ts:1077:36)
    at Object.compile (/home/yash/Documents/billing-system/node_modules/ts-node/src/index.ts:1433:41)
    at Module.m._compile (/home/yash/Documents/billing-system/node_modules/ts-node/src/index.ts:1617:30)
    at loadTS (node:internal/modules/cjs/loader:1826:10)
    at Object.require.extensions.<computed> [as .ts] (/home/yash/Documents/billing-system/node_modules/ts-node/src/index.ts:1621:12)
    at Module.load (node:internal/modules/cjs/loader:1469:32)
    at Function._load (node:internal/modules/cjs/loader:1286:12)
    at TracingChannel.traceSync (node:diagnostics_channel:322:14)
2025-04-04T07:10:44.641Z [ERROR]: uncaughtException: тип Unable to compile TypeScript:
[96msrc/controllers/customerController.ts[0m:[93m2[0m:[93m10[0m - [91merror[0m[90m TS2300: [0mDuplicate identifier 'PrismaClient'.

[7m2[0m import { PrismaClient } from "@prisma/client";
[7m [0m [91m         ~~~~~~~~~~~~[0m
[96msrc/controllers/customerController.ts[0m:[93m6[0m:[93m7[0m - [91merror[0m[90m TS2451: [0mCannot redeclare block-scoped variable 'prisma'.

[7m6[0m const prisma = new PrismaClient();
[7m [0m [91m      ~~~~~~[0m
[96msrc/controllers/customerController.ts[0m:[93m176[0m:[93m12[0m - [91merror[0m[90m TS2300: [0mDuplicate identifier 'PrismaClient'.

[7m176[0m   import { PrismaClient } from "@prisma/client";
[7m   [0m [91m           ~~~~~~~~~~~~[0m
[96msrc/controllers/customerController.ts[0m:[93m179[0m:[93m9[0m - [91merror[0m[90m TS2451: [0mCannot redeclare block-scoped variable 'prisma'.

[7m179[0m   const prisma = new PrismaClient({ log: ["query", "info", "warn", "error"] });
[7m   [0m [91m        ~~~~~~[0m
[96msrc/controllers/customerController.ts[0m:[93m187[0m:[93m9[0m - [91merror[0m[90m TS2322: [0mType 'Response<any, Record<string, any>>' is not assignable to type 'void'.

[7m187[0m         return res.status(400).json({ message: "A valid email query parameter is required." });
[7m   [0m [91m        ~~~~~~[0m
[96msrc/controllers/customerController.ts[0m:[93m211[0m:[93m13[0m - [91merror[0m[90m TS2322: [0mType 'Response<any, Record<string, any>>' is not assignable to type 'void'.

[7m211[0m             return res.status(404).json({ error: "Customer not found." });
[7m   [0m [91m            ~~~~~~[0m
[96msrc/controllers/customerController.ts[0m:[93m214[0m:[93m9[0m - [91merror[0m[90m TS2322: [0mType 'Response<any, Record<string, any>>' is not assignable to type 'void'.

[7m214[0m         return res.status(200).json(customer);
[7m   [0m [91m        ~~~~~~[0m
[96msrc/controllers/customerController.ts[0m:[93m217[0m:[93m9[0m - [91merror[0m[90m TS2322: [0mType 'Response<any, Record<string, any>>' is not assignable to type 'void'.

[7m217[0m         return res.status(500).json({ error: "Internal Server Error." });
[7m   [0m [91m        ~~~~~~[0m

TSError: тип Unable to compile TypeScript:
[96msrc/controllers/customerController.ts[0m:[93m2[0m:[93m10[0m - [91merror[0m[90m TS2300: [0mDuplicate identifier 'PrismaClient'.

[7m2[0m import { PrismaClient } from "@prisma/client";
[7m [0m [91m         ~~~~~~~~~~~~[0m
[96msrc/controllers/customerController.ts[0m:[93m6[0m:[93m7[0m - [91merror[0m[90m TS2451: [0mCannot redeclare block-scoped variable 'prisma'.

[7m6[0m const prisma = new PrismaClient();
[7m [0m [91m      ~~~~~~[0m
[96msrc/controllers/customerController.ts[0m:[93m176[0m:[93m12[0m - [91merror[0m[90m TS2300: [0mDuplicate identifier 'PrismaClient'.

[7m176[0m   import { PrismaClient } from "@prisma/client";
[7m   [0m [91m           ~~~~~~~~~~~~[0m
[96msrc/controllers/customerController.ts[0m:[93m179[0m:[93m9[0m - [91merror[0m[90m TS2451: [0mCannot redeclare block-scoped variable 'prisma'.

[7m179[0m   const prisma = new PrismaClient({ log: ["query", "info", "warn", "error"] });
[7m   [0m [91m        ~~~~~~[0m
[96msrc/controllers/customerController.ts[0m:[93m187[0m:[93m9[0m - [91merror[0m[90m TS2322: [0mType 'Response<any, Record<string, any>>' is not assignable to type 'void'.

[7m187[0m         return res.status(400).json({ message: "A valid email query parameter is required." });
[7m   [0m [91m        ~~~~~~[0m
[96msrc/controllers/customerController.ts[0m:[93m211[0m:[93m13[0m - [91merror[0m[90m TS2322: [0mType 'Response<any, Record<string, any>>' is not assignable to type 'void'.

[7m211[0m             return res.status(404).json({ error: "Customer not found." });
[7m   [0m [91m            ~~~~~~[0m
[96msrc/controllers/customerController.ts[0m:[93m214[0m:[93m9[0m - [91merror[0m[90m TS2322: [0mType 'Response<any, Record<string, any>>' is not assignable to type 'void'.

[7m214[0m         return res.status(200).json(customer);
[7m   [0m [91m        ~~~~~~[0m
[96msrc/controllers/customerController.ts[0m:[93m217[0m:[93m9[0m - [91merror[0m[90m TS2322: [0mType 'Response<any, Record<string, any>>' is not assignable to type 'void'.

[7m217[0m         return res.status(500).json({ error: "Internal Server Error." });
[7m   [0m [91m        ~~~~~~[0m

    at createTSError (/home/yash/Documents/billing-system/node_modules/ts-node/src/index.ts:859:12)
    at reportTSError (/home/yash/Documents/billing-system/node_modules/ts-node/src/index.ts:863:19)
    at getOutput (/home/yash/Documents/billing-system/node_modules/ts-node/src/index.ts:1077:36)
    at Object.compile (/home/yash/Documents/billing-system/node_modules/ts-node/src/index.ts:1433:41)
    at Module.m._compile (/home/yash/Documents/billing-system/node_modules/ts-node/src/index.ts:1617:30)
    at loadTS (node:internal/modules/cjs/loader:1826:10)
    at Object.require.extensions.<computed> [as .ts] (/home/yash/Documents/billing-system/node_modules/ts-node/src/index.ts:1621:12)
    at Module.load (node:internal/modules/cjs/loader:1469:32)
    at Function._load (node:internal/modules/cjs/loader:1286:12)
    at TracingChannel.traceSync (node:diagnostics_channel:322:14)
2025-04-04T07:11:23.094Z [ERROR]: uncaughtException: тип Unable to compile TypeScript:
[96msrc/controllers/customerController.ts[0m:[93m6[0m:[93m7[0m - [91merror[0m[90m TS2451: [0mCannot redeclare block-scoped variable 'prisma'.

[7m6[0m const prisma = new PrismaClient();
[7m [0m [91m      ~~~~~~[0m
[96msrc/controllers/customerController.ts[0m:[93m176[0m:[93m9[0m - [91merror[0m[90m TS2451: [0mCannot redeclare block-scoped variable 'prisma'.

[7m176[0m   const prisma = new PrismaClient({ log: ["query", "info", "warn", "error"] });
[7m   [0m [91m        ~~~~~~[0m
[96msrc/controllers/customerController.ts[0m:[93m184[0m:[93m9[0m - [91merror[0m[90m TS2322: [0mType 'Response<any, Record<string, any>>' is not assignable to type 'void'.

[7m184[0m         return res.status(400).json({ message: "A valid email query parameter is required." });
[7m   [0m [91m        ~~~~~~[0m
[96msrc/controllers/customerController.ts[0m:[93m208[0m:[93m13[0m - [91merror[0m[90m TS2322: [0mType 'Response<any, Record<string, any>>' is not assignable to type 'void'.

[7m208[0m             return res.status(404).json({ error: "Customer not found." });
[7m   [0m [91m            ~~~~~~[0m
[96msrc/controllers/customerController.ts[0m:[93m211[0m:[93m9[0m - [91merror[0m[90m TS2322: [0mType 'Response<any, Record<string, any>>' is not assignable to type 'void'.

[7m211[0m         return res.status(200).json(customer);
[7m   [0m [91m        ~~~~~~[0m
[96msrc/controllers/customerController.ts[0m:[93m214[0m:[93m9[0m - [91merror[0m[90m TS2322: [0mType 'Response<any, Record<string, any>>' is not assignable to type 'void'.

[7m214[0m         return res.status(500).json({ error: "Internal Server Error." });
[7m   [0m [91m        ~~~~~~[0m

TSError: тип Unable to compile TypeScript:
[96msrc/controllers/customerController.ts[0m:[93m6[0m:[93m7[0m - [91merror[0m[90m TS2451: [0mCannot redeclare block-scoped variable 'prisma'.

[7m6[0m const prisma = new PrismaClient();
[7m [0m [91m      ~~~~~~[0m
[96msrc/controllers/customerController.ts[0m:[93m176[0m:[93m9[0m - [91merror[0m[90m TS2451: [0mCannot redeclare block-scoped variable 'prisma'.

[7m176[0m   const prisma = new PrismaClient({ log: ["query", "info", "warn", "error"] });
[7m   [0m [91m        ~~~~~~[0m
[96msrc/controllers/customerController.ts[0m:[93m184[0m:[93m9[0m - [91merror[0m[90m TS2322: [0mType 'Response<any, Record<string, any>>' is not assignable to type 'void'.

[7m184[0m         return res.status(400).json({ message: "A valid email query parameter is required." });
[7m   [0m [91m        ~~~~~~[0m
[96msrc/controllers/customerController.ts[0m:[93m208[0m:[93m13[0m - [91merror[0m[90m TS2322: [0mType 'Response<any, Record<string, any>>' is not assignable to type 'void'.

[7m208[0m             return res.status(404).json({ error: "Customer not found." });
[7m   [0m [91m            ~~~~~~[0m
[96msrc/controllers/customerController.ts[0m:[93m211[0m:[93m9[0m - [91merror[0m[90m TS2322: [0mType 'Response<any, Record<string, any>>' is not assignable to type 'void'.

[7m211[0m         return res.status(200).json(customer);
[7m   [0m [91m        ~~~~~~[0m
[96msrc/controllers/customerController.ts[0m:[93m214[0m:[93m9[0m - [91merror[0m[90m TS2322: [0mType 'Response<any, Record<string, any>>' is not assignable to type 'void'.

[7m214[0m         return res.status(500).json({ error: "Internal Server Error." });
[7m   [0m [91m        ~~~~~~[0m

    at createTSError (/home/yash/Documents/billing-system/node_modules/ts-node/src/index.ts:859:12)
    at reportTSError (/home/yash/Documents/billing-system/node_modules/ts-node/src/index.ts:863:19)
    at getOutput (/home/yash/Documents/billing-system/node_modules/ts-node/src/index.ts:1077:36)
    at Object.compile (/home/yash/Documents/billing-system/node_modules/ts-node/src/index.ts:1433:41)
    at Module.m._compile (/home/yash/Documents/billing-system/node_modules/ts-node/src/index.ts:1617:30)
    at loadTS (node:internal/modules/cjs/loader:1826:10)
    at Object.require.extensions.<computed> [as .ts] (/home/yash/Documents/billing-system/node_modules/ts-node/src/index.ts:1621:12)
    at Module.load (node:internal/modules/cjs/loader:1469:32)
    at Function._load (node:internal/modules/cjs/loader:1286:12)
    at TracingChannel.traceSync (node:diagnostics_channel:322:14)
2025-04-04T07:11:32.800Z [ERROR]: uncaughtException: тип Unable to compile TypeScript:
[96msrc/controllers/customerController.ts[0m:[93m6[0m:[93m7[0m - [91merror[0m[90m TS2451: [0mCannot redeclare block-scoped variable 'prisma'.

[7m6[0m const prisma = new PrismaClient();
[7m [0m [91m      ~~~~~~[0m
[96msrc/controllers/customerController.ts[0m:[93m177[0m:[93m9[0m - [91merror[0m[90m TS2451: [0mCannot redeclare block-scoped variable 'prisma'.

[7m177[0m   const prisma = new PrismaClient({ log: ["query", "info", "warn", "error"] });
[7m   [0m [91m        ~~~~~~[0m
[96msrc/controllers/customerController.ts[0m:[93m185[0m:[93m9[0m - [91merror[0m[90m TS2322: [0mType 'Response<any, Record<string, any>>' is not assignable to type 'void'.

[7m185[0m         return res.status(400).json({ message: "A valid email query parameter is required." });
[7m   [0m [91m        ~~~~~~[0m
[96msrc/controllers/customerController.ts[0m:[93m209[0m:[93m13[0m - [91merror[0m[90m TS2322: [0mType 'Response<any, Record<string, any>>' is not assignable to type 'void'.

[7m209[0m             return res.status(404).json({ error: "Customer not found." });
[7m   [0m [91m            ~~~~~~[0m
[96msrc/controllers/customerController.ts[0m:[93m212[0m:[93m9[0m - [91merror[0m[90m TS2322: [0mType 'Response<any, Record<string, any>>' is not assignable to type 'void'.

[7m212[0m         return res.status(200).json(customer);
[7m   [0m [91m        ~~~~~~[0m
[96msrc/controllers/customerController.ts[0m:[93m215[0m:[93m9[0m - [91merror[0m[90m TS2322: [0mType 'Response<any, Record<string, any>>' is not assignable to type 'void'.

[7m215[0m         return res.status(500).json({ error: "Internal Server Error." });
[7m   [0m [91m        ~~~~~~[0m

TSError: тип Unable to compile TypeScript:
[96msrc/controllers/customerController.ts[0m:[93m6[0m:[93m7[0m - [91merror[0m[90m TS2451: [0mCannot redeclare block-scoped variable 'prisma'.

[7m6[0m const prisma = new PrismaClient();
[7m [0m [91m      ~~~~~~[0m
[96msrc/controllers/customerController.ts[0m:[93m177[0m:[93m9[0m - [91merror[0m[90m TS2451: [0mCannot redeclare block-scoped variable 'prisma'.

[7m177[0m   const prisma = new PrismaClient({ log: ["query", "info", "warn", "error"] });
[7m   [0m [91m        ~~~~~~[0m
[96msrc/controllers/customerController.ts[0m:[93m185[0m:[93m9[0m - [91merror[0m[90m TS2322: [0mType 'Response<any, Record<string, any>>' is not assignable to type 'void'.

[7m185[0m         return res.status(400).json({ message: "A valid email query parameter is required." });
[7m   [0m [91m        ~~~~~~[0m
[96msrc/controllers/customerController.ts[0m:[93m209[0m:[93m13[0m - [91merror[0m[90m TS2322: [0mType 'Response<any, Record<string, any>>' is not assignable to type 'void'.

[7m209[0m             return res.status(404).json({ error: "Customer not found." });
[7m   [0m [91m            ~~~~~~[0m
[96msrc/controllers/customerController.ts[0m:[93m212[0m:[93m9[0m - [91merror[0m[90m TS2322: [0mType 'Response<any, Record<string, any>>' is not assignable to type 'void'.

[7m212[0m         return res.status(200).json(customer);
[7m   [0m [91m        ~~~~~~[0m
[96msrc/controllers/customerController.ts[0m:[93m215[0m:[93m9[0m - [91merror[0m[90m TS2322: [0mType 'Response<any, Record<string, any>>' is not assignable to type 'void'.

[7m215[0m         return res.status(500).json({ error: "Internal Server Error." });
[7m   [0m [91m        ~~~~~~[0m

    at createTSError (/home/yash/Documents/billing-system/node_modules/ts-node/src/index.ts:859:12)
    at reportTSError (/home/yash/Documents/billing-system/node_modules/ts-node/src/index.ts:863:19)
    at getOutput (/home/yash/Documents/billing-system/node_modules/ts-node/src/index.ts:1077:36)
    at Object.compile (/home/yash/Documents/billing-system/node_modules/ts-node/src/index.ts:1433:41)
    at Module.m._compile (/home/yash/Documents/billing-system/node_modules/ts-node/src/index.ts:1617:30)
    at loadTS (node:internal/modules/cjs/loader:1826:10)
    at Object.require.extensions.<computed> [as .ts] (/home/yash/Documents/billing-system/node_modules/ts-node/src/index.ts:1621:12)
    at Module.load (node:internal/modules/cjs/loader:1469:32)
    at Function._load (node:internal/modules/cjs/loader:1286:12)
    at TracingChannel.traceSync (node:diagnostics_channel:322:14)
2025-04-04T07:11:52.325Z [ERROR]: uncaughtException: тип Unable to compile TypeScript:
[96msrc/controllers/customerController.ts[0m:[93m196[0m:[93m29[0m - [91merror[0m[90m TS18048: [0m'email' is possibly 'undefined'.

[7m196[0m                     equals: email.trim(),
[7m   [0m [91m                            ~~~~~[0m
[96msrc/controllers/customerController.ts[0m:[93m196[0m:[93m35[0m - [91merror[0m[90m TS2339: [0mProperty 'trim' does not exist on type 'string | ParsedQs | (string | ParsedQs)[]'.
  Property 'trim' does not exist on type '(string | ParsedQs)[]'.

[7m196[0m                     equals: email.trim(),
[7m   [0m [91m                                  ~~~~[0m
[96msrc/controllers/customerController.ts[0m:[93m209[0m:[93m13[0m - [91merror[0m[90m TS2322: [0mType 'Response<any, Record<string, any>>' is not assignable to type 'void'.

[7m209[0m             return res.status(404).json({ error: "Customer not found." });
[7m   [0m [91m            ~~~~~~[0m
[96msrc/controllers/customerController.ts[0m:[93m212[0m:[93m9[0m - [91merror[0m[90m TS2322: [0mType 'Response<any, Record<string, any>>' is not assignable to type 'void'.

[7m212[0m         return res.status(200).json(customer);
[7m   [0m [91m        ~~~~~~[0m
[96msrc/controllers/customerController.ts[0m:[93m215[0m:[93m9[0m - [91merror[0m[90m TS2322: [0mType 'Response<any, Record<string, any>>' is not assignable to type 'void'.

[7m215[0m         return res.status(500).json({ error: "Internal Server Error." });
[7m   [0m [91m        ~~~~~~[0m

TSError: тип Unable to compile TypeScript:
[96msrc/controllers/customerController.ts[0m:[93m196[0m:[93m29[0m - [91merror[0m[90m TS18048: [0m'email' is possibly 'undefined'.

[7m196[0m                     equals: email.trim(),
[7m   [0m [91m                            ~~~~~[0m
[96msrc/controllers/customerController.ts[0m:[93m196[0m:[93m35[0m - [91merror[0m[90m TS2339: [0mProperty 'trim' does not exist on type 'string | ParsedQs | (string | ParsedQs)[]'.
  Property 'trim' does not exist on type '(string | ParsedQs)[]'.

[7m196[0m                     equals: email.trim(),
[7m   [0m [91m                                  ~~~~[0m
[96msrc/controllers/customerController.ts[0m:[93m209[0m:[93m13[0m - [91merror[0m[90m TS2322: [0mType 'Response<any, Record<string, any>>' is not assignable to type 'void'.

[7m209[0m             return res.status(404).json({ error: "Customer not found." });
[7m   [0m [91m            ~~~~~~[0m
[96msrc/controllers/customerController.ts[0m:[93m212[0m:[93m9[0m - [91merror[0m[90m TS2322: [0mType 'Response<any, Record<string, any>>' is not assignable to type 'void'.

[7m212[0m         return res.status(200).json(customer);
[7m   [0m [91m        ~~~~~~[0m
[96msrc/controllers/customerController.ts[0m:[93m215[0m:[93m9[0m - [91merror[0m[90m TS2322: [0mType 'Response<any, Record<string, any>>' is not assignable to type 'void'.

[7m215[0m         return res.status(500).json({ error: "Internal Server Error." });
[7m   [0m [91m        ~~~~~~[0m

    at createTSError (/home/yash/Documents/billing-system/node_modules/ts-node/src/index.ts:859:12)
    at reportTSError (/home/yash/Documents/billing-system/node_modules/ts-node/src/index.ts:863:19)
    at getOutput (/home/yash/Documents/billing-system/node_modules/ts-node/src/index.ts:1077:36)
    at Object.compile (/home/yash/Documents/billing-system/node_modules/ts-node/src/index.ts:1433:41)
    at Module.m._compile (/home/yash/Documents/billing-system/node_modules/ts-node/src/index.ts:1617:30)
    at loadTS (node:internal/modules/cjs/loader:1826:10)
    at Object.require.extensions.<computed> [as .ts] (/home/yash/Documents/billing-system/node_modules/ts-node/src/index.ts:1621:12)
    at Module.load (node:internal/modules/cjs/loader:1469:32)
    at Function._load (node:internal/modules/cjs/loader:1286:12)
    at TracingChannel.traceSync (node:diagnostics_channel:322:14)
2025-04-04T07:12:10.823Z [ERROR]: uncaughtException: тип Unable to compile TypeScript:
[96msrc/controllers/customerController.ts[0m:[93m210[0m:[93m13[0m - [91merror[0m[90m TS2322: [0mType 'Response<any, Record<string, any>>' is not assignable to type 'void'.

[7m210[0m             return res.status(404).json({ error: "Customer not found." });
[7m   [0m [91m            ~~~~~~[0m
[96msrc/controllers/customerController.ts[0m:[93m213[0m:[93m9[0m - [91merror[0m[90m TS2322: [0mType 'Response<any, Record<string, any>>' is not assignable to type 'void'.

[7m213[0m         return res.status(200).json(customer);
[7m   [0m [91m        ~~~~~~[0m
[96msrc/controllers/customerController.ts[0m:[93m216[0m:[93m9[0m - [91merror[0m[90m TS2322: [0mType 'Response<any, Record<string, any>>' is not assignable to type 'void'.

[7m216[0m         return res.status(500).json({ error: "Internal Server Error." });
[7m   [0m [91m        ~~~~~~[0m

TSError: тип Unable to compile TypeScript:
[96msrc/controllers/customerController.ts[0m:[93m210[0m:[93m13[0m - [91merror[0m[90m TS2322: [0mType 'Response<any, Record<string, any>>' is not assignable to type 'void'.

[7m210[0m             return res.status(404).json({ error: "Customer not found." });
[7m   [0m [91m            ~~~~~~[0m
[96msrc/controllers/customerController.ts[0m:[93m213[0m:[93m9[0m - [91merror[0m[90m TS2322: [0mType 'Response<any, Record<string, any>>' is not assignable to type 'void'.

[7m213[0m         return res.status(200).json(customer);
[7m   [0m [91m        ~~~~~~[0m
[96msrc/controllers/customerController.ts[0m:[93m216[0m:[93m9[0m - [91merror[0m[90m TS2322: [0mType 'Response<any, Record<string, any>>' is not assignable to type 'void'.

[7m216[0m         return res.status(500).json({ error: "Internal Server Error." });
[7m   [0m [91m        ~~~~~~[0m

    at createTSError (/home/yash/Documents/billing-system/node_modules/ts-node/src/index.ts:859:12)
    at reportTSError (/home/yash/Documents/billing-system/node_modules/ts-node/src/index.ts:863:19)
    at getOutput (/home/yash/Documents/billing-system/node_modules/ts-node/src/index.ts:1077:36)
    at Object.compile (/home/yash/Documents/billing-system/node_modules/ts-node/src/index.ts:1433:41)
    at Module.m._compile (/home/yash/Documents/billing-system/node_modules/ts-node/src/index.ts:1617:30)
    at loadTS (node:internal/modules/cjs/loader:1826:10)
    at Object.require.extensions.<computed> [as .ts] (/home/yash/Documents/billing-system/node_modules/ts-node/src/index.ts:1621:12)
    at Module.load (node:internal/modules/cjs/loader:1469:32)
    at Function._load (node:internal/modules/cjs/loader:1286:12)
    at TracingChannel.traceSync (node:diagnostics_channel:322:14)
2025-04-04T07:15:21.034Z [ERROR]: uncaughtException: тип Unable to compile TypeScript:
[96msrc/controllers/customerController.ts[0m:[93m184[0m:[93m9[0m - [91merror[0m[90m TS2322: [0mType 'Response<any, Record<string, any>>' is not assignable to type 'void'.

[7m184[0m         return res.status(400).json({ message: "A valid email query parameter is required." });
[7m   [0m [91m        ~~~~~~[0m
[96msrc/controllers/customerController.ts[0m:[93m211[0m:[93m13[0m - [91merror[0m[90m TS2322: [0mType 'Response<any, Record<string, any>>' is not assignable to type 'void'.

[7m211[0m             return res.status(404).json({ error: "Customer not found under this tenant." });
[7m   [0m [91m            ~~~~~~[0m
[96msrc/controllers/customerController.ts[0m:[93m215[0m:[93m9[0m - [91merror[0m[90m TS2322: [0mType 'Response<any, Record<string, any>>' is not assignable to type 'void'.

[7m215[0m         return res.status(200).json(customer);
[7m   [0m [91m        ~~~~~~[0m
[96msrc/controllers/customerController.ts[0m:[93m218[0m:[93m9[0m - [91merror[0m[90m TS2322: [0mType 'Response<any, Record<string, any>>' is not assignable to type 'void'.

[7m218[0m         return res.status(500).json({ error: "Internal Server Error." });
[7m   [0m [91m        ~~~~~~[0m

TSError: тип Unable to compile TypeScript:
[96msrc/controllers/customerController.ts[0m:[93m184[0m:[93m9[0m - [91merror[0m[90m TS2322: [0mType 'Response<any, Record<string, any>>' is not assignable to type 'void'.

[7m184[0m         return res.status(400).json({ message: "A valid email query parameter is required." });
[7m   [0m [91m        ~~~~~~[0m
[96msrc/controllers/customerController.ts[0m:[93m211[0m:[93m13[0m - [91merror[0m[90m TS2322: [0mType 'Response<any, Record<string, any>>' is not assignable to type 'void'.

[7m211[0m             return res.status(404).json({ error: "Customer not found under this tenant." });
[7m   [0m [91m            ~~~~~~[0m
[96msrc/controllers/customerController.ts[0m:[93m215[0m:[93m9[0m - [91merror[0m[90m TS2322: [0mType 'Response<any, Record<string, any>>' is not assignable to type 'void'.

[7m215[0m         return res.status(200).json(customer);
[7m   [0m [91m        ~~~~~~[0m
[96msrc/controllers/customerController.ts[0m:[93m218[0m:[93m9[0m - [91merror[0m[90m TS2322: [0mType 'Response<any, Record<string, any>>' is not assignable to type 'void'.

[7m218[0m         return res.status(500).json({ error: "Internal Server Error." });
[7m   [0m [91m        ~~~~~~[0m

    at createTSError (/home/yash/Documents/billing-system/node_modules/ts-node/src/index.ts:859:12)
    at reportTSError (/home/yash/Documents/billing-system/node_modules/ts-node/src/index.ts:863:19)
    at getOutput (/home/yash/Documents/billing-system/node_modules/ts-node/src/index.ts:1077:36)
    at Object.compile (/home/yash/Documents/billing-system/node_modules/ts-node/src/index.ts:1433:41)
    at Module.m._compile (/home/yash/Documents/billing-system/node_modules/ts-node/src/index.ts:1617:30)
    at loadTS (node:internal/modules/cjs/loader:1826:10)
    at Object.require.extensions.<computed> [as .ts] (/home/yash/Documents/billing-system/node_modules/ts-node/src/index.ts:1621:12)
    at Module.load (node:internal/modules/cjs/loader:1469:32)
    at Function._load (node:internal/modules/cjs/loader:1286:12)
    at TracingChannel.traceSync (node:diagnostics_channel:322:14)
2025-04-04T07:30:27.778Z [ERROR]: uncaughtException: тип Unable to compile TypeScript:
[96msrc/controllers/customerController.ts[0m:[93m178[0m:[93m16[0m - [91merror[0m[90m TS2451: [0mCannot redeclare block-scoped variable 'emailHandler'.

[7m178[0m   export const emailHandler = async (req: Request, res: Response): Promise<void> => {
[7m   [0m [91m               ~~~~~~~~~~~~[0m
[96msrc/controllers/customerController.ts[0m:[93m221[0m:[93m14[0m - [91merror[0m[90m TS2451: [0mCannot redeclare block-scoped variable 'emailHandler'.

[7m221[0m export const emailHandler = async (req: Request, res: Response): Promise<void> => {
[7m   [0m [91m             ~~~~~~~~~~~~[0m

TSError: тип Unable to compile TypeScript:
[96msrc/controllers/customerController.ts[0m:[93m178[0m:[93m16[0m - [91merror[0m[90m TS2451: [0mCannot redeclare block-scoped variable 'emailHandler'.

[7m178[0m   export const emailHandler = async (req: Request, res: Response): Promise<void> => {
[7m   [0m [91m               ~~~~~~~~~~~~[0m
[96msrc/controllers/customerController.ts[0m:[93m221[0m:[93m14[0m - [91merror[0m[90m TS2451: [0mCannot redeclare block-scoped variable 'emailHandler'.

[7m221[0m export const emailHandler = async (req: Request, res: Response): Promise<void> => {
[7m   [0m [91m             ~~~~~~~~~~~~[0m

    at createTSError (/home/yash/Documents/billing-system/node_modules/ts-node/src/index.ts:859:12)
    at reportTSError (/home/yash/Documents/billing-system/node_modules/ts-node/src/index.ts:863:19)
    at getOutput (/home/yash/Documents/billing-system/node_modules/ts-node/src/index.ts:1077:36)
    at Object.compile (/home/yash/Documents/billing-system/node_modules/ts-node/src/index.ts:1433:41)
    at Module.m._compile (/home/yash/Documents/billing-system/node_modules/ts-node/src/index.ts:1617:30)
    at loadTS (node:internal/modules/cjs/loader:1826:10)
    at Object.require.extensions.<computed> [as .ts] (/home/yash/Documents/billing-system/node_modules/ts-node/src/index.ts:1621:12)
    at Module.load (node:internal/modules/cjs/loader:1469:32)
    at Function._load (node:internal/modules/cjs/loader:1286:12)
    at TracingChannel.traceSync (node:diagnostics_channel:322:14)
2025-04-04T08:02:44.424Z [ERROR]: uncaughtException: тип Unable to compile TypeScript:
[96msrc/controllers/customerController.ts[0m:[93m192[0m:[93m15[0m - [91merror[0m[90m TS6133: [0m'customer' is declared but its value is never read.

[7m192[0m         const customer = await prisma.customer.findFirst({
[7m   [0m [91m              ~~~~~~~~[0m
[96msrc/controllers/customerController.ts[0m:[93m205[0m:[93m13[0m - [91merror[0m[90m TS2552: [0mCannot find name 'customers'. Did you mean 'customer'?

[7m205[0m         if (customers.length === 0) {
[7m   [0m [91m            ~~~~~~~~~[0m

  [96msrc/controllers/customerController.ts[0m:[93m192[0m:[93m15[0m
    [7m192[0m         const customer = await prisma.customer.findFirst({
    [7m   [0m [96m              ~~~~~~~~[0m
    'customer' is declared here.
[96msrc/controllers/customerController.ts[0m:[93m211[0m:[93m42[0m - [91merror[0m[90m TS2552: [0mCannot find name 'customers'. Did you mean 'customer'?

[7m211[0m         console.log("тЬЕ Customer found:", customers);
[7m   [0m [91m                                         ~~~~~~~~~[0m

  [96msrc/controllers/customerController.ts[0m:[93m192[0m:[93m15[0m
    [7m192[0m         const customer = await prisma.customer.findFirst({
    [7m   [0m [96m              ~~~~~~~~[0m
    'customer' is declared here.
[96msrc/controllers/customerController.ts[0m:[93m212[0m:[93m30[0m - [91merror[0m[90m TS2552: [0mCannot find name 'customers'. Did you mean 'customer'?

[7m212[0m         res.status(200).json(customers);
[7m   [0m [91m                             ~~~~~~~~~[0m

  [96msrc/controllers/customerController.ts[0m:[93m192[0m:[93m15[0m
    [7m192[0m         const customer = await prisma.customer.findFirst({
    [7m   [0m [96m              ~~~~~~~~[0m
    'customer' is declared here.

TSError: тип Unable to compile TypeScript:
[96msrc/controllers/customerController.ts[0m:[93m192[0m:[93m15[0m - [91merror[0m[90m TS6133: [0m'customer' is declared but its value is never read.

[7m192[0m         const customer = await prisma.customer.findFirst({
[7m   [0m [91m              ~~~~~~~~[0m
[96msrc/controllers/customerController.ts[0m:[93m205[0m:[93m13[0m - [91merror[0m[90m TS2552: [0mCannot find name 'customers'. Did you mean 'customer'?

[7m205[0m         if (customers.length === 0) {
[7m   [0m [91m            ~~~~~~~~~[0m

  [96msrc/controllers/customerController.ts[0m:[93m192[0m:[93m15[0m
    [7m192[0m         const customer = await prisma.customer.findFirst({
    [7m   [0m [96m              ~~~~~~~~[0m
    'customer' is declared here.
[96msrc/controllers/customerController.ts[0m:[93m211[0m:[93m42[0m - [91merror[0m[90m TS2552: [0mCannot find name 'customers'. Did you mean 'customer'?

[7m211[0m         console.log("тЬЕ Customer found:", customers);
[7m   [0m [91m                                         ~~~~~~~~~[0m

  [96msrc/controllers/customerController.ts[0m:[93m192[0m:[93m15[0m
    [7m192[0m         const customer = await prisma.customer.findFirst({
    [7m   [0m [96m              ~~~~~~~~[0m
    'customer' is declared here.
[96msrc/controllers/customerController.ts[0m:[93m212[0m:[93m30[0m - [91merror[0m[90m TS2552: [0mCannot find name 'customers'. Did you mean 'customer'?

[7m212[0m         res.status(200).json(customers);
[7m   [0m [91m                             ~~~~~~~~~[0m

  [96msrc/controllers/customerController.ts[0m:[93m192[0m:[93m15[0m
    [7m192[0m         const customer = await prisma.customer.findFirst({
    [7m   [0m [96m              ~~~~~~~~[0m
    'customer' is declared here.

    at createTSError (/home/yash/Documents/billing-system/node_modules/ts-node/src/index.ts:859:12)
    at reportTSError (/home/yash/Documents/billing-system/node_modules/ts-node/src/index.ts:863:19)
    at getOutput (/home/yash/Documents/billing-system/node_modules/ts-node/src/index.ts:1077:36)
    at Object.compile (/home/yash/Documents/billing-system/node_modules/ts-node/src/index.ts:1433:41)
    at Module.m._compile (/home/yash/Documents/billing-system/node_modules/ts-node/src/index.ts:1617:30)
    at loadTS (node:internal/modules/cjs/loader:1826:10)
    at Object.require.extensions.<computed> [as .ts] (/home/yash/Documents/billing-system/node_modules/ts-node/src/index.ts:1621:12)
    at Module.load (node:internal/modules/cjs/loader:1469:32)
    at Function._load (node:internal/modules/cjs/loader:1286:12)
    at TracingChannel.traceSync (node:diagnostics_channel:322:14)
2025-04-04T08:02:54.843Z [ERROR]: uncaughtException: тип Unable to compile TypeScript:
[96msrc/controllers/customerController.ts[0m:[93m205[0m:[93m13[0m - [91merror[0m[90m TS18047: [0m'customer' is possibly 'null'.

[7m205[0m         if (customer.length === 0) {
[7m   [0m [91m            ~~~~~~~~[0m
[96msrc/controllers/customerController.ts[0m:[93m205[0m:[93m22[0m - [91merror[0m[90m TS2339: [0mProperty 'length' does not exist on type '{ name: string; email: string; tenantId: string; id: string; phone: string | null; }'.

[7m205[0m         if (customer.length === 0) {
[7m   [0m [91m                     ~~~~~~[0m
[96msrc/controllers/customerController.ts[0m:[93m211[0m:[93m42[0m - [91merror[0m[90m TS2552: [0mCannot find name 'customers'. Did you mean 'customer'?

[7m211[0m         console.log("тЬЕ Customer found:", customers);
[7m   [0m [91m                                         ~~~~~~~~~[0m

  [96msrc/controllers/customerController.ts[0m:[93m192[0m:[93m15[0m
    [7m192[0m         const customer = await prisma.customer.findFirst({
    [7m   [0m [96m              ~~~~~~~~[0m
    'customer' is declared here.
[96msrc/controllers/customerController.ts[0m:[93m212[0m:[93m30[0m - [91merror[0m[90m TS2552: [0mCannot find name 'customers'. Did you mean 'customer'?

[7m212[0m         res.status(200).json(customers);
[7m   [0m [91m                             ~~~~~~~~~[0m

  [96msrc/controllers/customerController.ts[0m:[93m192[0m:[93m15[0m
    [7m192[0m         const customer = await prisma.customer.findFirst({
    [7m   [0m [96m              ~~~~~~~~[0m
    'customer' is declared here.

TSError: тип Unable to compile TypeScript:
[96msrc/controllers/customerController.ts[0m:[93m205[0m:[93m13[0m - [91merror[0m[90m TS18047: [0m'customer' is possibly 'null'.

[7m205[0m         if (customer.length === 0) {
[7m   [0m [91m            ~~~~~~~~[0m
[96msrc/controllers/customerController.ts[0m:[93m205[0m:[93m22[0m - [91merror[0m[90m TS2339: [0mProperty 'length' does not exist on type '{ name: string; email: string; tenantId: string; id: string; phone: string | null; }'.

[7m205[0m         if (customer.length === 0) {
[7m   [0m [91m                     ~~~~~~[0m
[96msrc/controllers/customerController.ts[0m:[93m211[0m:[93m42[0m - [91merror[0m[90m TS2552: [0mCannot find name 'customers'. Did you mean 'customer'?

[7m211[0m         console.log("тЬЕ Customer found:", customers);
[7m   [0m [91m                                         ~~~~~~~~~[0m

  [96msrc/controllers/customerController.ts[0m:[93m192[0m:[93m15[0m
    [7m192[0m         const customer = await prisma.customer.findFirst({
    [7m   [0m [96m              ~~~~~~~~[0m
    'customer' is declared here.
[96msrc/controllers/customerController.ts[0m:[93m212[0m:[93m30[0m - [91merror[0m[90m TS2552: [0mCannot find name 'customers'. Did you mean 'customer'?

[7m212[0m         res.status(200).json(customers);
[7m   [0m [91m                             ~~~~~~~~~[0m

  [96msrc/controllers/customerController.ts[0m:[93m192[0m:[93m15[0m
    [7m192[0m         const customer = await prisma.customer.findFirst({
    [7m   [0m [96m              ~~~~~~~~[0m
    'customer' is declared here.

    at createTSError (/home/yash/Documents/billing-system/node_modules/ts-node/src/index.ts:859:12)
    at reportTSError (/home/yash/Documents/billing-system/node_modules/ts-node/src/index.ts:863:19)
    at getOutput (/home/yash/Documents/billing-system/node_modules/ts-node/src/index.ts:1077:36)
    at Object.compile (/home/yash/Documents/billing-system/node_modules/ts-node/src/index.ts:1433:41)
    at Module.m._compile (/home/yash/Documents/billing-system/node_modules/ts-node/src/index.ts:1617:30)
    at loadTS (node:internal/modules/cjs/loader:1826:10)
    at Object.require.extensions.<computed> [as .ts] (/home/yash/Documents/billing-system/node_modules/ts-node/src/index.ts:1621:12)
    at Module.load (node:internal/modules/cjs/loader:1469:32)
    at Function._load (node:internal/modules/cjs/loader:1286:12)
    at TracingChannel.traceSync (node:diagnostics_channel:322:14)
2025-04-04T08:03:13.842Z [ERROR]: uncaughtException: тип Unable to compile TypeScript:
[96msrc/controllers/customerController.ts[0m:[93m205[0m:[93m13[0m - [91merror[0m[90m TS18047: [0m'customer' is possibly 'null'.

[7m205[0m         if (customer.length === 0) {
[7m   [0m [91m            ~~~~~~~~[0m
[96msrc/controllers/customerController.ts[0m:[93m205[0m:[93m22[0m - [91merror[0m[90m TS2339: [0mProperty 'length' does not exist on type '{ name: string; email: string; tenantId: string; id: string; phone: string | null; }'.

[7m205[0m         if (customer.length === 0) {
[7m   [0m [91m                     ~~~~~~[0m

TSError: тип Unable to compile TypeScript:
[96msrc/controllers/customerController.ts[0m:[93m205[0m:[93m13[0m - [91merror[0m[90m TS18047: [0m'customer' is possibly 'null'.

[7m205[0m         if (customer.length === 0) {
[7m   [0m [91m            ~~~~~~~~[0m
[96msrc/controllers/customerController.ts[0m:[93m205[0m:[93m22[0m - [91merror[0m[90m TS2339: [0mProperty 'length' does not exist on type '{ name: string; email: string; tenantId: string; id: string; phone: string | null; }'.

[7m205[0m         if (customer.length === 0) {
[7m   [0m [91m                     ~~~~~~[0m

    at createTSError (/home/yash/Documents/billing-system/node_modules/ts-node/src/index.ts:859:12)
    at reportTSError (/home/yash/Documents/billing-system/node_modules/ts-node/src/index.ts:863:19)
    at getOutput (/home/yash/Documents/billing-system/node_modules/ts-node/src/index.ts:1077:36)
    at Object.compile (/home/yash/Documents/billing-system/node_modules/ts-node/src/index.ts:1433:41)
    at Module.m._compile (/home/yash/Documents/billing-system/node_modules/ts-node/src/index.ts:1617:30)
    at loadTS (node:internal/modules/cjs/loader:1826:10)
    at Object.require.extensions.<computed> [as .ts] (/home/yash/Documents/billing-system/node_modules/ts-node/src/index.ts:1621:12)
    at Module.load (node:internal/modules/cjs/loader:1469:32)
    at Function._load (node:internal/modules/cjs/loader:1286:12)
    at TracingChannel.traceSync (node:diagnostics_channel:322:14)
2025-04-04T08:03:54.418Z [ERROR]: uncaughtException: тип Unable to compile TypeScript:
[96msrc/controllers/customerController.ts[0m:[93m215[0m:[93m42[0m - [91merror[0m[90m TS2304: [0mCannot find name 'customer'.

[7m215[0m         console.log("тЬЕ Customer found:", customer);
[7m   [0m [91m                                         ~~~~~~~~[0m
[96msrc/controllers/customerController.ts[0m:[93m216[0m:[93m30[0m - [91merror[0m[90m TS2304: [0mCannot find name 'customer'.

[7m216[0m         res.status(200).json(customer);
[7m   [0m [91m                             ~~~~~~~~[0m
[96msrc/controllers/customerController.ts[0m:[93m219[0m:[93m9[0m - [91merror[0m[90m TS2304: [0mCannot find name 'res'.

[7m219[0m         res.status(500).json({ error: "Internal Server Error." });
[7m   [0m [91m        ~~~[0m
[96msrc/controllers/customerController.ts[0m:[93m215[0m:[93m9[0m - [91merror[0m[90m TS1472: [0m'catch' or 'finally' expected.

[7m215[0m         console.log("тЬЕ Customer found:", customer);
[7m   [0m [91m        ~~~~~~~[0m
[96msrc/controllers/customerController.ts[0m:[93m217[0m:[93m7[0m - [91merror[0m[90m TS1005: [0m',' expected.

[7m217[0m     } catch (error: any) {
[7m   [0m [91m      ~~~~~[0m
[96msrc/controllers/customerController.ts[0m:[93m221[0m:[93m1[0m - [91merror[0m[90m TS1128: [0mDeclaration or statement expected.

[7m221[0m };
[7m   [0m [91m~[0m

TSError: тип Unable to compile TypeScript:
[96msrc/controllers/customerController.ts[0m:[93m215[0m:[93m42[0m - [91merror[0m[90m TS2304: [0mCannot find name 'customer'.

[7m215[0m         console.log("тЬЕ Customer found:", customer);
[7m   [0m [91m                                         ~~~~~~~~[0m
[96msrc/controllers/customerController.ts[0m:[93m216[0m:[93m30[0m - [91merror[0m[90m TS2304: [0mCannot find name 'customer'.

[7m216[0m         res.status(200).json(customer);
[7m   [0m [91m                             ~~~~~~~~[0m
[96msrc/controllers/customerController.ts[0m:[93m219[0m:[93m9[0m - [91merror[0m[90m TS2304: [0mCannot find name 'res'.

[7m219[0m         res.status(500).json({ error: "Internal Server Error." });
[7m   [0m [91m        ~~~[0m
[96msrc/controllers/customerController.ts[0m:[93m215[0m:[93m9[0m - [91merror[0m[90m TS1472: [0m'catch' or 'finally' expected.

[7m215[0m         console.log("тЬЕ Customer found:", customer);
[7m   [0m [91m        ~~~~~~~[0m
[96msrc/controllers/customerController.ts[0m:[93m217[0m:[93m7[0m - [91merror[0m[90m TS1005: [0m',' expected.

[7m217[0m     } catch (error: any) {
[7m   [0m [91m      ~~~~~[0m
[96msrc/controllers/customerController.ts[0m:[93m221[0m:[93m1[0m - [91merror[0m[90m TS1128: [0mDeclaration or statement expected.

[7m221[0m };
[7m   [0m [91m~[0m

    at createTSError (/home/yash/Documents/billing-system/node_modules/ts-node/src/index.ts:859:12)
    at reportTSError (/home/yash/Documents/billing-system/node_modules/ts-node/src/index.ts:863:19)
    at getOutput (/home/yash/Documents/billing-system/node_modules/ts-node/src/index.ts:1077:36)
    at Object.compile (/home/yash/Documents/billing-system/node_modules/ts-node/src/index.ts:1433:41)
    at Module.m._compile (/home/yash/Documents/billing-system/node_modules/ts-node/src/index.ts:1617:30)
    at loadTS (node:internal/modules/cjs/loader:1826:10)
    at Object.require.extensions.<computed> [as .ts] (/home/yash/Documents/billing-system/node_modules/ts-node/src/index.ts:1621:12)
    at Module.load (node:internal/modules/cjs/loader:1469:32)
    at Function._load (node:internal/modules/cjs/loader:1286:12)
    at TracingChannel.traceSync (node:diagnostics_channel:322:14)
2025-04-04T08:04:14.755Z [ERROR]: uncaughtException: тип Unable to compile TypeScript:
[96msrc/controllers/customerController.ts[0m:[93m213[0m:[93m8[0m - [91merror[0m[90m TS1472: [0m'catch' or 'finally' expected.

[7m213[0m       }
[7m   [0m [91m       [0m

TSError: тип Unable to compile TypeScript:
[96msrc/controllers/customerController.ts[0m:[93m213[0m:[93m8[0m - [91merror[0m[90m TS1472: [0m'catch' or 'finally' expected.

[7m213[0m       }
[7m   [0m [91m       [0m

    at createTSError (/home/yash/Documents/billing-system/node_modules/ts-node/src/index.ts:859:12)
    at reportTSError (/home/yash/Documents/billing-system/node_modules/ts-node/src/index.ts:863:19)
    at getOutput (/home/yash/Documents/billing-system/node_modules/ts-node/src/index.ts:1077:36)
    at Object.compile (/home/yash/Documents/billing-system/node_modules/ts-node/src/index.ts:1433:41)
    at Module.m._compile (/home/yash/Documents/billing-system/node_modules/ts-node/src/index.ts:1617:30)
    at loadTS (node:internal/modules/cjs/loader:1826:10)
    at Object.require.extensions.<computed> [as .ts] (/home/yash/Documents/billing-system/node_modules/ts-node/src/index.ts:1621:12)
    at Module.load (node:internal/modules/cjs/loader:1469:32)
    at Function._load (node:internal/modules/cjs/loader:1286:12)
    at TracingChannel.traceSync (node:diagnostics_channel:322:14)
2025-04-04T08:04:29.516Z [ERROR]: uncaughtException: тип Unable to compile TypeScript:
[96msrc/controllers/customerController.ts[0m:[93m214[0m:[93m62[0m - [91merror[0m[90m TS2304: [0mCannot find name 'email'.

[7m214[0m             console.error(`тЭМ Customer not found for email: ${email} under tenant: ${tenantId}`);
[7m   [0m [91m                                                             ~~~~~[0m
[96msrc/controllers/customerController.ts[0m:[93m214[0m:[93m85[0m - [91merror[0m[90m TS2304: [0mCannot find name 'tenantId'.

[7m214[0m             console.error(`тЭМ Customer not found for email: ${email} under tenant: ${tenantId}`);
[7m   [0m [91m                                                                                    ~~~~~~~~[0m

TSError: тип Unable to compile TypeScript:
[96msrc/controllers/customerController.ts[0m:[93m214[0m:[93m62[0m - [91merror[0m[90m TS2304: [0mCannot find name 'email'.

[7m214[0m             console.error(`тЭМ Customer not found for email: ${email} under tenant: ${tenantId}`);
[7m   [0m [91m                                                             ~~~~~[0m
[96msrc/controllers/customerController.ts[0m:[93m214[0m:[93m85[0m - [91merror[0m[90m TS2304: [0mCannot find name 'tenantId'.

[7m214[0m             console.error(`тЭМ Customer not found for email: ${email} under tenant: ${tenantId}`);
[7m   [0m [91m                                                                                    ~~~~~~~~[0m

    at createTSError (/home/yash/Documents/billing-system/node_modules/ts-node/src/index.ts:859:12)
    at reportTSError (/home/yash/Documents/billing-system/node_modules/ts-node/src/index.ts:863:19)
    at getOutput (/home/yash/Documents/billing-system/node_modules/ts-node/src/index.ts:1077:36)
    at Object.compile (/home/yash/Documents/billing-system/node_modules/ts-node/src/index.ts:1433:41)
    at Module.m._compile (/home/yash/Documents/billing-system/node_modules/ts-node/src/index.ts:1617:30)
    at loadTS (node:internal/modules/cjs/loader:1826:10)
    at Object.require.extensions.<computed> [as .ts] (/home/yash/Documents/billing-system/node_modules/ts-node/src/index.ts:1621:12)
    at Module.load (node:internal/modules/cjs/loader:1469:32)
    at Function._load (node:internal/modules/cjs/loader:1286:12)
    at TracingChannel.traceSync (node:diagnostics_channel:322:14)
2025-04-04T08:04:37.924Z [ERROR]: uncaughtException: тип Unable to compile TypeScript:
[96msrc/controllers/customerController.ts[0m:[93m214[0m:[93m12[0m - [91merror[0m[90m TS1005: [0m'}' expected.

[7m214[0m 
[7m   [0m [91m[0m

  [96msrc/controllers/customerController.ts[0m:[93m178[0m:[93m85[0m
    [7m178[0m   export const emailHandler = async (req: Request, res: Response): Promise<void> => {
    [7m   [0m [96m                                                                                    ~[0m
    The parser expected to find a '}' to match the '{' token here.

TSError: тип Unable to compile TypeScript:
[96msrc/controllers/customerController.ts[0m:[93m214[0m:[93m12[0m - [91merror[0m[90m TS1005: [0m'}' expected.

[7m214[0m 
[7m   [0m [91m[0m

  [96msrc/controllers/customerController.ts[0m:[93m178[0m:[93m85[0m
    [7m178[0m   export const emailHandler = async (req: Request, res: Response): Promise<void> => {
    [7m   [0m [96m                                                                                    ~[0m
    The parser expected to find a '}' to match the '{' token here.

    at createTSError (/home/yash/Documents/billing-system/node_modules/ts-node/src/index.ts:859:12)
    at reportTSError (/home/yash/Documents/billing-system/node_modules/ts-node/src/index.ts:863:19)
    at getOutput (/home/yash/Documents/billing-system/node_modules/ts-node/src/index.ts:1077:36)
    at Object.compile (/home/yash/Documents/billing-system/node_modules/ts-node/src/index.ts:1433:41)
    at Module.m._compile (/home/yash/Documents/billing-system/node_modules/ts-node/src/index.ts:1617:30)
    at loadTS (node:internal/modules/cjs/loader:1826:10)
    at Object.require.extensions.<computed> [as .ts] (/home/yash/Documents/billing-system/node_modules/ts-node/src/index.ts:1621:12)
    at Module.load (node:internal/modules/cjs/loader:1469:32)
    at Function._load (node:internal/modules/cjs/loader:1286:12)
    at TracingChannel.traceSync (node:diagnostics_channel:322:14)
2025-04-04T08:04:57.329Z [ERROR]: uncaughtException: тип Unable to compile TypeScript:
[96msrc/controllers/customerController.ts[0m:[93m214[0m:[93m7[0m - [91merror[0m[90m TS1005: [0m'}' expected.

[7m214[0m 
[7m   [0m [91m[0m

  [96msrc/controllers/customerController.ts[0m:[93m178[0m:[93m85[0m
    [7m178[0m   export const emailHandler = async (req: Request, res: Response): Promise<void> => {
    [7m   [0m [96m                                                                                    ~[0m
    The parser expected to find a '}' to match the '{' token here.

TSError: тип Unable to compile TypeScript:
[96msrc/controllers/customerController.ts[0m:[93m214[0m:[93m7[0m - [91merror[0m[90m TS1005: [0m'}' expected.

[7m214[0m 
[7m   [0m [91m[0m

  [96msrc/controllers/customerController.ts[0m:[93m178[0m:[93m85[0m
    [7m178[0m   export const emailHandler = async (req: Request, res: Response): Promise<void> => {
    [7m   [0m [96m                                                                                    ~[0m
    The parser expected to find a '}' to match the '{' token here.

    at createTSError (/home/yash/Documents/billing-system/node_modules/ts-node/src/index.ts:859:12)
    at reportTSError (/home/yash/Documents/billing-system/node_modules/ts-node/src/index.ts:863:19)
    at getOutput (/home/yash/Documents/billing-system/node_modules/ts-node/src/index.ts:1077:36)
    at Object.compile (/home/yash/Documents/billing-system/node_modules/ts-node/src/index.ts:1433:41)
    at Module.m._compile (/home/yash/Documents/billing-system/node_modules/ts-node/src/index.ts:1617:30)
    at loadTS (node:internal/modules/cjs/loader:1826:10)
    at Object.require.extensions.<computed> [as .ts] (/home/yash/Documents/billing-system/node_modules/ts-node/src/index.ts:1621:12)
    at Module.load (node:internal/modules/cjs/loader:1469:32)
    at Function._load (node:internal/modules/cjs/loader:1286:12)
    at TracingChannel.traceSync (node:diagnostics_channel:322:14)
2025-04-04T08:05:25.502Z [ERROR]: uncaughtException: тип Unable to compile TypeScript:
[96msrc/controllers/customerController.ts[0m:[93m214[0m:[93m26[0m - [91merror[0m[90m TS2304: [0mCannot find name 'customer'.

[7m214[0m     res.status(200).json(customer);
[7m   [0m [91m                         ~~~~~~~~[0m
[96msrc/controllers/customerController.ts[0m:[93m218[0m:[93m9[0m - [91merror[0m[90m TS2304: [0mCannot find name 'res'.

[7m218[0m         res.status(500).json({ error: "Internal server error." })
[7m   [0m [91m        ~~~[0m
[96msrc/controllers/customerController.ts[0m:[93m216[0m:[93m7[0m - [91merror[0m[90m TS1005: [0m',' expected.

[7m216[0m     } catch (error) {
[7m   [0m [91m      ~~~~~[0m
[96msrc/controllers/customerController.ts[0m:[93m218[0m:[93m66[0m - [91merror[0m[90m TS1005: [0m'}' expected.

[7m218[0m         res.status(500).json({ error: "Internal server error." })
[7m   [0m [91m                                                                 [0m

  [96msrc/controllers/customerController.ts[0m:[93m216[0m:[93m21[0m
    [7m216[0m     } catch (error) {
    [7m   [0m [96m                    ~[0m
    The parser expected to find a '}' to match the '{' token here.

TSError: тип Unable to compile TypeScript:
[96msrc/controllers/customerController.ts[0m:[93m214[0m:[93m26[0m - [91merror[0m[90m TS2304: [0mCannot find name 'customer'.

[7m214[0m     res.status(200).json(customer);
[7m   [0m [91m                         ~~~~~~~~[0m
[96msrc/controllers/customerController.ts[0m:[93m218[0m:[93m9[0m - [91merror[0m[90m TS2304: [0mCannot find name 'res'.

[7m218[0m         res.status(500).json({ error: "Internal server error." })
[7m   [0m [91m        ~~~[0m
[96msrc/controllers/customerController.ts[0m:[93m216[0m:[93m7[0m - [91merror[0m[90m TS1005: [0m',' expected.

[7m216[0m     } catch (error) {
[7m   [0m [91m      ~~~~~[0m
[96msrc/controllers/customerController.ts[0m:[93m218[0m:[93m66[0m - [91merror[0m[90m TS1005: [0m'}' expected.

[7m218[0m         res.status(500).json({ error: "Internal server error." })
[7m   [0m [91m                                                                 [0m

  [96msrc/controllers/customerController.ts[0m:[93m216[0m:[93m21[0m
    [7m216[0m     } catch (error) {
    [7m   [0m [96m                    ~[0m
    The parser expected to find a '}' to match the '{' token here.

    at createTSError (/home/yash/Documents/billing-system/node_modules/ts-node/src/index.ts:859:12)
    at reportTSError (/home/yash/Documents/billing-system/node_modules/ts-node/src/index.ts:863:19)
    at getOutput (/home/yash/Documents/billing-system/node_modules/ts-node/src/index.ts:1077:36)
    at Object.compile (/home/yash/Documents/billing-system/node_modules/ts-node/src/index.ts:1433:41)
    at Module.m._compile (/home/yash/Documents/billing-system/node_modules/ts-node/src/index.ts:1617:30)
    at loadTS (node:internal/modules/cjs/loader:1826:10)
    at Object.require.extensions.<computed> [as .ts] (/home/yash/Documents/billing-system/node_modules/ts-node/src/index.ts:1621:12)
    at Module.load (node:internal/modules/cjs/loader:1469:32)
    at Function._load (node:internal/modules/cjs/loader:1286:12)
    at TracingChannel.traceSync (node:diagnostics_channel:322:14)
2025-04-04T08:30:46.869Z [ERROR]: uncaughtException: тип Unable to compile TypeScript:
[96msrc/routes/customers.ts[0m:[93m5[0m:[93m89[0m - [91merror[0m[90m TS2305: [0mModule '"../controllers/customerController"' has no exported member 'emailHandler'.

[7m5[0m import { createCustomer, getCustomers, deleteCustomer, updateCustomer, getCustomerById, emailHandler } from "../controllers/customerController";
[7m [0m [91m                                                                                        ~~~~~~~~~~~~[0m

TSError: тип Unable to compile TypeScript:
[96msrc/routes/customers.ts[0m:[93m5[0m:[93m89[0m - [91merror[0m[90m TS2305: [0mModule '"../controllers/customerController"' has no exported member 'emailHandler'.

[7m5[0m import { createCustomer, getCustomers, deleteCustomer, updateCustomer, getCustomerById, emailHandler } from "../controllers/customerController";
[7m [0m [91m                                                                                        ~~~~~~~~~~~~[0m

    at createTSError (/home/yash/Documents/billing-system/node_modules/ts-node/src/index.ts:859:12)
    at reportTSError (/home/yash/Documents/billing-system/node_modules/ts-node/src/index.ts:863:19)
    at getOutput (/home/yash/Documents/billing-system/node_modules/ts-node/src/index.ts:1077:36)
    at Object.compile (/home/yash/Documents/billing-system/node_modules/ts-node/src/index.ts:1433:41)
    at Module.m._compile (/home/yash/Documents/billing-system/node_modules/ts-node/src/index.ts:1617:30)
    at loadTS (node:internal/modules/cjs/loader:1826:10)
    at Object.require.extensions.<computed> [as .ts] (/home/yash/Documents/billing-system/node_modules/ts-node/src/index.ts:1621:12)
    at Module.load (node:internal/modules/cjs/loader:1469:32)
    at Function._load (node:internal/modules/cjs/loader:1286:12)
    at TracingChannel.traceSync (node:diagnostics_channel:322:14)
2025-04-04T08:30:53.362Z [ERROR]: uncaughtException: тип Unable to compile TypeScript:
[96msrc/routes/customers.ts[0m:[93m5[0m:[93m89[0m - [91merror[0m[90m TS2305: [0mModule '"../controllers/customerController"' has no exported member 'emailHandler'.

[7m5[0m import { createCustomer, getCustomers, deleteCustomer, updateCustomer, getCustomerById, emailHandler } from "../controllers/customerController";
[7m [0m [91m                                                                                        ~~~~~~~~~~~~[0m

TSError: тип Unable to compile TypeScript:
[96msrc/routes/customers.ts[0m:[93m5[0m:[93m89[0m - [91merror[0m[90m TS2305: [0mModule '"../controllers/customerController"' has no exported member 'emailHandler'.

[7m5[0m import { createCustomer, getCustomers, deleteCustomer, updateCustomer, getCustomerById, emailHandler } from "../controllers/customerController";
[7m [0m [91m                                                                                        ~~~~~~~~~~~~[0m

    at createTSError (/home/yash/Documents/billing-system/node_modules/ts-node/src/index.ts:859:12)
    at reportTSError (/home/yash/Documents/billing-system/node_modules/ts-node/src/index.ts:863:19)
    at getOutput (/home/yash/Documents/billing-system/node_modules/ts-node/src/index.ts:1077:36)
    at Object.compile (/home/yash/Documents/billing-system/node_modules/ts-node/src/index.ts:1433:41)
    at Module.m._compile (/home/yash/Documents/billing-system/node_modules/ts-node/src/index.ts:1617:30)
    at loadTS (node:internal/modules/cjs/loader:1826:10)
    at Object.require.extensions.<computed> [as .ts] (/home/yash/Documents/billing-system/node_modules/ts-node/src/index.ts:1621:12)
    at Module.load (node:internal/modules/cjs/loader:1469:32)
    at Function._load (node:internal/modules/cjs/loader:1286:12)
    at TracingChannel.traceSync (node:diagnostics_channel:322:14)
2025-04-04T08:39:26.169Z [ERROR]: uncaughtException: тип Unable to compile TypeScript:
[96msrc/routes/customers.ts[0m:[93m5[0m:[93m89[0m - [91merror[0m[90m TS2724: [0m'"../controllers/customerController"' has no exported member named 'getCustomerByEmail'. Did you mean 'getCustomerById'?

[7m5[0m import { createCustomer, getCustomers, deleteCustomer, updateCustomer, getCustomerById, getCustomerByEmail } from "../controllers/customerController";
[7m [0m [91m                                                                                        ~~~~~~~~~~~~~~~~~~[0m

  [96msrc/controllers/customerController.ts[0m:[93m131[0m:[93m16[0m
    [7m131[0m   export const getCustomerById = async (req: Request, res: Response, next: NextFunction): Promise<void> => {
    [7m   [0m [96m               ~~~~~~~~~~~~~~~[0m
    'getCustomerById' is declared here.
[96msrc/routes/customers.ts[0m:[93m5[0m:[93m89[0m - [91merror[0m[90m TS6133: [0m'getCustomerByEmail' is declared but its value is never read.

[7m5[0m import { createCustomer, getCustomers, deleteCustomer, updateCustomer, getCustomerById, getCustomerByEmail } from "../controllers/customerController";
[7m [0m [91m                                                                                        ~~~~~~~~~~~~~~~~~~[0m

TSError: тип Unable to compile TypeScript:
[96msrc/routes/customers.ts[0m:[93m5[0m:[93m89[0m - [91merror[0m[90m TS2724: [0m'"../controllers/customerController"' has no exported member named 'getCustomerByEmail'. Did you mean 'getCustomerById'?

[7m5[0m import { createCustomer, getCustomers, deleteCustomer, updateCustomer, getCustomerById, getCustomerByEmail } from "../controllers/customerController";
[7m [0m [91m                                                                                        ~~~~~~~~~~~~~~~~~~[0m

  [96msrc/controllers/customerController.ts[0m:[93m131[0m:[93m16[0m
    [7m131[0m   export const getCustomerById = async (req: Request, res: Response, next: NextFunction): Promise<void> => {
    [7m   [0m [96m               ~~~~~~~~~~~~~~~[0m
    'getCustomerById' is declared here.
[96msrc/routes/customers.ts[0m:[93m5[0m:[93m89[0m - [91merror[0m[90m TS6133: [0m'getCustomerByEmail' is declared but its value is never read.

[7m5[0m import { createCustomer, getCustomers, deleteCustomer, updateCustomer, getCustomerById, getCustomerByEmail } from "../controllers/customerController";
[7m [0m [91m                                                                                        ~~~~~~~~~~~~~~~~~~[0m

    at createTSError (/home/yash/Documents/billing-system/node_modules/ts-node/src/index.ts:859:12)
    at reportTSError (/home/yash/Documents/billing-system/node_modules/ts-node/src/index.ts:863:19)
    at getOutput (/home/yash/Documents/billing-system/node_modules/ts-node/src/index.ts:1077:36)
    at Object.compile (/home/yash/Documents/billing-system/node_modules/ts-node/src/index.ts:1433:41)
    at Module.m._compile (/home/yash/Documents/billing-system/node_modules/ts-node/src/index.ts:1617:30)
    at loadTS (node:internal/modules/cjs/loader:1826:10)
    at Object.require.extensions.<computed> [as .ts] (/home/yash/Documents/billing-system/node_modules/ts-node/src/index.ts:1621:12)
    at Module.load (node:internal/modules/cjs/loader:1469:32)
    at Function._load (node:internal/modules/cjs/loader:1286:12)
    at TracingChannel.traceSync (node:diagnostics_channel:322:14)
